<?xml version="1.0" encoding="utf-8"?>
<test-run id="2" testcasecount="206" result="Passed" total="206" passed="206" failed="0" inconclusive="0" skipped="0" asserts="0" engine-version="3.5.0.0" clr-version="4.0.30319.42000" start-time="2026-06-15 19:01:27Z" end-time="2026-06-15 19:01:28Z" duration="0.9612501">
  <test-suite type="TestSuite" id="1000" name="Lugarithm" fullname="Lugarithm" runstate="Runnable" testcasecount="206" result="Passed" start-time="2026-06-15 19:01:27Z" end-time="2026-06-15 19:01:28Z" duration="0.961250" total="206" passed="206" failed="0" inconclusive="0" skipped="0" asserts="0">
    <properties>
      <property name="platform" value="EditMode" />
    </properties>
    <test-suite type="Assembly" id="1232" name="Lugarithm.EditModeTests.dll" fullname="C:/Users/Mist/Lugarithm/Library/ScriptAssemblies/Lugarithm.EditModeTests.dll" runstate="Runnable" testcasecount="206" result="Passed" start-time="2026-06-15 19:01:27Z" end-time="2026-06-15 19:01:28Z" duration="0.933991" total="206" passed="206" failed="0" inconclusive="0" skipped="0" asserts="0">
      <properties>
        <property name="_PID" value="26860" />
        <property name="_APPDOMAIN" value="Unity Child Domain" />
        <property name="platform" value="EditMode" />
        <property name="EditorOnly" value="True" />
      </properties>
      <test-suite type="TestFixture" id="1001" name="AgentSimRideTests" fullname="AgentSimRideTests" classname="AgentSimRideTests" runstate="Runnable" testcasecount="3" result="Passed" start-time="2026-06-15 19:01:27Z" end-time="2026-06-15 19:01:28Z" duration="0.135383" total="3" passed="3" failed="0" inconclusive="0" skipped="0" asserts="0">
        <properties />
        <test-case id="1003" name="DriveToDestination_PlansAPath_DrainedToReachD" fullname="AgentSimRideTests.DriveToDestination_PlansAPath_DrainedToReachD" methodname="DriveToDestination_PlansAPath_DrainedToReachD" classname="AgentSimRideTests" runstate="Runnable" seed="1320999021" result="Passed" start-time="2026-06-15 19:01:27Z" end-time="2026-06-15 19:01:28Z" duration="0.073714" asserts="0">
          <properties>
            <property name="retryIteration" value="0" />
            <property name="repeatIteration" value="0" />
          </properties>
        </test-case>
        <test-case id="1004" name="DriveToNextStop_HeadsToTheNearestPickup" fullname="AgentSimRideTests.DriveToNextStop_HeadsToTheNearestPickup" methodname="DriveToNextStop_HeadsToTheNearestPickup" classname="AgentSimRideTests" runstate="Runnable" seed="1507469971" result="Passed" start-time="2026-06-15 19:01:28Z" end-time="2026-06-15 19:01:28Z" duration="0.003453" asserts="0">
          <properties>
            <property name="retryIteration" value="0" />
            <property name="repeatIteration" value="0" />
          </properties>
        </test-case>
        <test-case id="1002" name="RideMode_BoardsAtOrigin_PaysFare_AndAlightsAtItsOwnStop" fullname="AgentSimRideTests.RideMode_BoardsAtOrigin_PaysFare_AndAlightsAtItsOwnStop" methodname="RideMode_BoardsAtOrigin_PaysFare_AndAlightsAtItsOwnStop" classname="AgentSimRideTests" runstate="Runnable" seed="88128103" result="Passed" start-time="2026-06-15 19:01:28Z" end-time="2026-06-15 19:01:28Z" duration="0.009357" asserts="0">
          <properties>
            <property name="retryIteration" value="0" />
            <property name="repeatIteration" value="0" />
          </properties>
        </test-case>
      </test-suite>
      <test-suite type="TestFixture" id="1005" name="AgentSimTests" fullname="AgentSimTests" classname="AgentSimTests" runstate="Runnable" testcasecount="9" result="Passed" start-time="2026-06-15 19:01:28Z" end-time="2026-06-15 19:01:28Z" duration="0.020452" total="9" passed="9" failed="0" inconclusive="0" skipped="0" asserts="0">
        <properties />
        <test-case id="1010" name="CollectFare_ChargesBaseFarePerBoardedPassenger" fullname="AgentSimTests.CollectFare_ChargesBaseFarePerBoardedPassenger" methodname="CollectFare_ChargesBaseFarePerBoardedPassenger" classname="AgentSimTests" runstate="Runnable" seed="378517298" result="Passed" start-time="2026-06-15 19:01:28Z" end-time="2026-06-15 19:01:28Z" duration="0.005101" asserts="0">
          <properties>
            <property name="retryIteration" value="0" />
            <property name="repeatIteration" value="0" />
          </properties>
        </test-case>
        <test-case id="1011" name="DropOff_OnlyDeliversAtTheDestination" fullname="AgentSimTests.DropOff_OnlyDeliversAtTheDestination" methodname="DropOff_OnlyDeliversAtTheDestination" classname="AgentSimTests" runstate="Runnable" seed="1993048313" result="Passed" start-time="2026-06-15 19:01:28Z" end-time="2026-06-15 19:01:28Z" duration="0.001264" asserts="0">
          <properties>
            <property name="retryIteration" value="0" />
            <property name="repeatIteration" value="0" />
          </properties>
        </test-case>
        <test-case id="1014" name="IsWin_RequiresDeliveryWhenThePuzzleSaysSo" fullname="AgentSimTests.IsWin_RequiresDeliveryWhenThePuzzleSaysSo" methodname="IsWin_RequiresDeliveryWhenThePuzzleSaysSo" classname="AgentSimTests" runstate="Runnable" seed="366408003" result="Passed" start-time="2026-06-15 19:01:28Z" end-time="2026-06-15 19:01:28Z" duration="0.001430" asserts="0">
          <properties>
            <property name="retryIteration" value="0" />
            <property name="repeatIteration" value="0" />
          </properties>
        </test-case>
        <test-case id="1006" name="MoveForward_AdvancesOneCell" fullname="AgentSimTests.MoveForward_AdvancesOneCell" methodname="MoveForward_AdvancesOneCell" classname="AgentSimTests" runstate="Runnable" seed="589024007" result="Passed" start-time="2026-06-15 19:01:28Z" end-time="2026-06-15 19:01:28Z" duration="0.000998" asserts="0">
          <properties>
            <property name="retryIteration" value="0" />
            <property name="repeatIteration" value="0" />
          </properties>
        </test-case>
        <test-case id="1007" name="MoveForward_IntoAWall_IsABlockedNoOp_NotAnError" fullname="AgentSimTests.MoveForward_IntoAWall_IsABlockedNoOp_NotAnError" methodname="MoveForward_IntoAWall_IsABlockedNoOp_NotAnError" classname="AgentSimTests" runstate="Runnable" seed="567757551" result="Passed" start-time="2026-06-15 19:01:28Z" end-time="2026-06-15 19:01:28Z" duration="0.001112" asserts="0">
          <properties>
            <property name="retryIteration" value="0" />
            <property name="repeatIteration" value="0" />
          </properties>
        </test-case>
        <test-case id="1009" name="PickUp_OnAStop_BoardsThePassenger_OnceOnly" fullname="AgentSimTests.PickUp_OnAStop_BoardsThePassenger_OnceOnly" methodname="PickUp_OnAStop_BoardsThePassenger_OnceOnly" classname="AgentSimTests" runstate="Runnable" seed="298696880" result="Passed" start-time="2026-06-15 19:01:28Z" end-time="2026-06-15 19:01:28Z" duration="0.000903" asserts="0">
          <properties>
            <property name="retryIteration" value="0" />
            <property name="repeatIteration" value="0" />
          </properties>
        </test-case>
        <test-case id="1012" name="Queries_DescribeTheSurroundings" fullname="AgentSimTests.Queries_DescribeTheSurroundings" methodname="Queries_DescribeTheSurroundings" classname="AgentSimTests" runstate="Runnable" seed="271201256" result="Passed" start-time="2026-06-15 19:01:28Z" end-time="2026-06-15 19:01:28Z" duration="0.000820" asserts="0">
          <properties>
            <property name="retryIteration" value="0" />
            <property name="repeatIteration" value="0" />
          </properties>
        </test-case>
        <test-case id="1013" name="Reset_RestoresTheWholeWorld" fullname="AgentSimTests.Reset_RestoresTheWholeWorld" methodname="Reset_RestoresTheWholeWorld" classname="AgentSimTests" runstate="Runnable" seed="909572541" result="Passed" start-time="2026-06-15 19:01:28Z" end-time="2026-06-15 19:01:28Z" duration="0.001108" asserts="0">
          <properties>
            <property name="retryIteration" value="0" />
            <property name="repeatIteration" value="0" />
          </properties>
        </test-case>
        <test-case id="1008" name="Turns_CycleAllFourFacings" fullname="AgentSimTests.Turns_CycleAllFourFacings" methodname="Turns_CycleAllFourFacings" classname="AgentSimTests" runstate="Runnable" seed="1225008991" result="Passed" start-time="2026-06-15 19:01:28Z" end-time="2026-06-15 19:01:28Z" duration="0.000838" asserts="0">
          <properties>
            <property name="retryIteration" value="0" />
            <property name="repeatIteration" value="0" />
          </properties>
        </test-case>
      </test-suite>
      <test-suite type="TestFixture" id="1015" name="BlockModelTests" fullname="BlockModelTests" classname="BlockModelTests" runstate="Runnable" testcasecount="8" result="Passed" start-time="2026-06-15 19:01:28Z" end-time="2026-06-15 19:01:28Z" duration="0.058297" total="8" passed="8" failed="0" inconclusive="0" skipped="0" asserts="0">
        <properties />
        <test-case id="1018" name="BlockProgram_RunsIdenticallyToParsedText" fullname="BlockModelTests.BlockProgram_RunsIdenticallyToParsedText" methodname="BlockProgram_RunsIdenticallyToParsedText" classname="BlockModelTests" runstate="Runnable" seed="1139728046" result="Passed" start-time="2026-06-15 19:01:28Z" end-time="2026-06-15 19:01:28Z" duration="0.039448" asserts="0">
          <properties>
            <property name="retryIteration" value="0" />
            <property name="repeatIteration" value="0" />
          </properties>
        </test-case>
        <test-case id="1017" name="BlockTree_PrintsAsCanonicalText" fullname="BlockModelTests.BlockTree_PrintsAsCanonicalText" methodname="BlockTree_PrintsAsCanonicalText" classname="BlockModelTests" runstate="Runnable" seed="1750843602" result="Passed" start-time="2026-06-15 19:01:28Z" end-time="2026-06-15 19:01:28Z" duration="0.001438" asserts="0">
          <properties>
            <property name="retryIteration" value="0" />
            <property name="repeatIteration" value="0" />
          </properties>
        </test-case>
        <test-case id="1019" name="EmptyContainer_IsReportedWithTheOffendingBlock" fullname="BlockModelTests.EmptyContainer_IsReportedWithTheOffendingBlock" methodname="EmptyContainer_IsReportedWithTheOffendingBlock" classname="BlockModelTests" runstate="Runnable" seed="64986916" result="Passed" start-time="2026-06-15 19:01:28Z" end-time="2026-06-15 19:01:28Z" duration="0.002300" asserts="0">
          <properties>
            <property name="retryIteration" value="0" />
            <property name="repeatIteration" value="0" />
          </properties>
        </test-case>
        <test-case id="1020" name="EmptyElseBranch_IsReportedSeparately" fullname="BlockModelTests.EmptyElseBranch_IsReportedSeparately" methodname="EmptyElseBranch_IsReportedSeparately" classname="BlockModelTests" runstate="Runnable" seed="1359459957" result="Passed" start-time="2026-06-15 19:01:28Z" end-time="2026-06-15 19:01:28Z" duration="0.001641" asserts="0">
          <properties>
            <property name="retryIteration" value="0" />
            <property name="repeatIteration" value="0" />
          </properties>
        </test-case>
        <test-case id="1023" name="Labels_ReadLikeTheLanguage" fullname="BlockModelTests.Labels_ReadLikeTheLanguage" methodname="Labels_ReadLikeTheLanguage" classname="BlockModelTests" runstate="Runnable" seed="427844443" result="Passed" start-time="2026-06-15 19:01:28Z" end-time="2026-06-15 19:01:28Z" duration="0.000865" asserts="0">
          <properties>
            <property name="retryIteration" value="0" />
            <property name="repeatIteration" value="0" />
          </properties>
        </test-case>
        <test-case id="1016" name="LinearBlocks_CompileToCallsInOrder" fullname="BlockModelTests.LinearBlocks_CompileToCallsInOrder" methodname="LinearBlocks_CompileToCallsInOrder" classname="BlockModelTests" runstate="Runnable" seed="368317828" result="Passed" start-time="2026-06-15 19:01:28Z" end-time="2026-06-15 19:01:28Z" duration="0.001435" asserts="0">
          <properties>
            <property name="retryIteration" value="0" />
            <property name="repeatIteration" value="0" />
          </properties>
        </test-case>
        <test-case id="1022" name="PaletteNames_MapToAllBlockTypes" fullname="BlockModelTests.PaletteNames_MapToAllBlockTypes" methodname="PaletteNames_MapToAllBlockTypes" classname="BlockModelTests" runstate="Runnable" seed="1412550993" result="Passed" start-time="2026-06-15 19:01:28Z" end-time="2026-06-15 19:01:28Z" duration="0.003667" asserts="0">
          <properties>
            <property name="retryIteration" value="0" />
            <property name="repeatIteration" value="0" />
          </properties>
        </test-case>
        <test-case id="1021" name="SourceRefs_PointBackAtTheirBlocks" fullname="BlockModelTests.SourceRefs_PointBackAtTheirBlocks" methodname="SourceRefs_PointBackAtTheirBlocks" classname="BlockModelTests" runstate="Runnable" seed="42281359" result="Passed" start-time="2026-06-15 19:01:28Z" end-time="2026-06-15 19:01:28Z" duration="0.001365" asserts="0">
          <properties>
            <property name="retryIteration" value="0" />
            <property name="repeatIteration" value="0" />
          </properties>
        </test-case>
      </test-suite>
      <test-suite type="TestFixture" id="1024" name="CrateStackTests" fullname="CrateStackTests" classname="CrateStackTests" runstate="Runnable" testcasecount="4" result="Passed" start-time="2026-06-15 19:01:28Z" end-time="2026-06-15 19:01:28Z" duration="0.018770" total="4" passed="4" failed="0" inconclusive="0" skipped="0" asserts="0">
        <properties />
        <test-case id="1027" name="Move_SwapsNeighbours_AndRejectsOffEnds" fullname="CrateStackTests.Move_SwapsNeighbours_AndRejectsOffEnds" methodname="Move_SwapsNeighbours_AndRejectsOffEnds" classname="CrateStackTests" runstate="Runnable" seed="300906660" result="Passed" start-time="2026-06-15 19:01:28Z" end-time="2026-06-15 19:01:28Z" duration="0.004064" asserts="0">
          <properties>
            <property name="retryIteration" value="0" />
            <property name="repeatIteration" value="0" />
          </properties>
        </test-case>
        <test-case id="1025" name="NewPuzzle_StartsUnsorted" fullname="CrateStackTests.NewPuzzle_StartsUnsorted" methodname="NewPuzzle_StartsUnsorted" classname="CrateStackTests" runstate="Runnable" seed="574265423" result="Passed" start-time="2026-06-15 19:01:28Z" end-time="2026-06-15 19:01:28Z" duration="0.002338" asserts="0">
          <properties>
            <property name="retryIteration" value="0" />
            <property name="repeatIteration" value="0" />
          </properties>
        </test-case>
        <test-case id="1028" name="SingleCrate_IsTriviallySolved" fullname="CrateStackTests.SingleCrate_IsTriviallySolved" methodname="SingleCrate_IsTriviallySolved" classname="CrateStackTests" runstate="Runnable" seed="2015452944" result="Passed" start-time="2026-06-15 19:01:28Z" end-time="2026-06-15 19:01:28Z" duration="0.000623" asserts="0">
          <properties>
            <property name="retryIteration" value="0" />
            <property name="repeatIteration" value="0" />
          </properties>
        </test-case>
        <test-case id="1026" name="SortingHeaviestToBottom_Solves" fullname="CrateStackTests.SortingHeaviestToBottom_Solves" methodname="SortingHeaviestToBottom_Solves" classname="CrateStackTests" runstate="Runnable" seed="171443613" result="Passed" start-time="2026-06-15 19:01:28Z" end-time="2026-06-15 19:01:28Z" duration="0.008307" asserts="0">
          <properties>
            <property name="retryIteration" value="0" />
            <property name="repeatIteration" value="0" />
          </properties>
        </test-case>
      </test-suite>
      <test-suite type="TestFixture" id="1029" name="DialogueLibraryTests" fullname="DialogueLibraryTests" classname="DialogueLibraryTests" runstate="Runnable" testcasecount="4" result="Passed" start-time="2026-06-15 19:01:28Z" end-time="2026-06-15 19:01:28Z" duration="0.047073" total="4" passed="4" failed="0" inconclusive="0" skipped="0" asserts="0">
        <properties />
        <test-case id="1031" name="EachLevel_HasPassengerHeritageAndJournalPage" fullname="DialogueLibraryTests.EachLevel_HasPassengerHeritageAndJournalPage" methodname="EachLevel_HasPassengerHeritageAndJournalPage" classname="DialogueLibraryTests" runstate="Runnable" seed="1798040582" result="Passed" start-time="2026-06-15 19:01:28Z" end-time="2026-06-15 19:01:28Z" duration="0.029442" asserts="0">
          <properties>
            <property name="retryIteration" value="0" />
            <property name="repeatIteration" value="0" />
          </properties>
        </test-case>
        <test-case id="1030" name="EveryConversation_Validates" fullname="DialogueLibraryTests.EveryConversation_Validates" methodname="EveryConversation_Validates" classname="DialogueLibraryTests" runstate="Runnable" seed="517924871" result="Passed" start-time="2026-06-15 19:01:28Z" end-time="2026-06-15 19:01:28Z" duration="0.005207" asserts="0">
          <properties>
            <property name="retryIteration" value="0" />
            <property name="repeatIteration" value="0" />
          </properties>
        </test-case>
        <test-case id="1033" name="EveryLevelRevealLines_AreRevealAndNonEmpty" fullname="DialogueLibraryTests.EveryLevelRevealLines_AreRevealAndNonEmpty" methodname="EveryLevelRevealLines_AreRevealAndNonEmpty" classname="DialogueLibraryTests" runstate="Runnable" seed="849772276" result="Passed" start-time="2026-06-15 19:01:28Z" end-time="2026-06-15 19:01:28Z" duration="0.001442" asserts="0">
          <properties>
            <property name="retryIteration" value="0" />
            <property name="repeatIteration" value="0" />
          </properties>
        </test-case>
        <test-case id="1032" name="SpoilerGate_NoEarlyTownMentioned" fullname="DialogueLibraryTests.SpoilerGate_NoEarlyTownMentioned" methodname="SpoilerGate_NoEarlyTownMentioned" classname="DialogueLibraryTests" runstate="Runnable" seed="1029325625" result="Passed" start-time="2026-06-15 19:01:28Z" end-time="2026-06-15 19:01:28Z" duration="0.007115" asserts="0">
          <properties>
            <property name="retryIteration" value="0" />
            <property name="repeatIteration" value="0" />
          </properties>
        </test-case>
      </test-suite>
      <test-suite type="TestFixture" id="1034" name="DialogueRuntimeTests" fullname="DialogueRuntimeTests" classname="DialogueRuntimeTests" runstate="Runnable" testcasecount="5" result="Passed" start-time="2026-06-15 19:01:28Z" end-time="2026-06-15 19:01:28Z" duration="0.017885" total="5" passed="5" failed="0" inconclusive="0" skipped="0" asserts="0">
        <properties />
        <test-case id="1038" name="AffinityAccumulates_OnHeartLinesOnly" fullname="DialogueRuntimeTests.AffinityAccumulates_OnHeartLinesOnly" methodname="AffinityAccumulates_OnHeartLinesOnly" classname="DialogueRuntimeTests" runstate="Runnable" seed="1124865958" result="Passed" start-time="2026-06-15 19:01:28Z" end-time="2026-06-15 19:01:28Z" duration="0.003487" asserts="0">
          <properties>
            <property name="retryIteration" value="0" />
            <property name="repeatIteration" value="0" />
          </properties>
        </test-case>
        <test-case id="1035" name="BoardingToHubToTopic_ReturnsToHub" fullname="DialogueRuntimeTests.BoardingToHubToTopic_ReturnsToHub" methodname="BoardingToHubToTopic_ReturnsToHub" classname="DialogueRuntimeTests" runstate="Runnable" seed="135381856" result="Passed" start-time="2026-06-15 19:01:28Z" end-time="2026-06-15 19:01:28Z" duration="0.002909" asserts="0">
          <properties>
            <property name="retryIteration" value="0" />
            <property name="repeatIteration" value="0" />
          </properties>
        </test-case>
        <test-case id="1039" name="NormalDrive_NeverSurfacesRevealLine" fullname="DialogueRuntimeTests.NormalDrive_NeverSurfacesRevealLine" methodname="NormalDrive_NeverSurfacesRevealLine" classname="DialogueRuntimeTests" runstate="Runnable" seed="936696719" result="Passed" start-time="2026-06-15 19:01:28Z" end-time="2026-06-15 19:01:28Z" duration="0.002844" asserts="0">
          <properties>
            <property name="retryIteration" value="0" />
            <property name="repeatIteration" value="0" />
          </properties>
        </test-case>
        <test-case id="1036" name="OnceTopic_DisappearsAfterHeard" fullname="DialogueRuntimeTests.OnceTopic_DisappearsAfterHeard" methodname="OnceTopic_DisappearsAfterHeard" classname="DialogueRuntimeTests" runstate="Runnable" seed="50310310" result="Passed" start-time="2026-06-15 19:01:28Z" end-time="2026-06-15 19:01:28Z" duration="0.001272" asserts="0">
          <properties>
            <property name="retryIteration" value="0" />
            <property name="repeatIteration" value="0" />
          </properties>
        </test-case>
        <test-case id="1037" name="TutorialAdvance_BlockedUntilDrivingAndFareHeard" fullname="DialogueRuntimeTests.TutorialAdvance_BlockedUntilDrivingAndFareHeard" methodname="TutorialAdvance_BlockedUntilDrivingAndFareHeard" classname="DialogueRuntimeTests" runstate="Runnable" seed="1221565374" result="Passed" start-time="2026-06-15 19:01:28Z" end-time="2026-06-15 19:01:28Z" duration="0.002891" asserts="0">
          <properties>
            <property name="retryIteration" value="0" />
            <property name="repeatIteration" value="0" />
          </properties>
        </test-case>
      </test-suite>
      <test-suite type="TestFixture" id="1040" name="DulogModelTests" fullname="DulogModelTests" classname="DulogModelTests" runstate="Runnable" testcasecount="3" result="Passed" start-time="2026-06-15 19:01:28Z" end-time="2026-06-15 19:01:28Z" duration="0.008907" total="3" passed="3" failed="0" inconclusive="0" skipped="0" asserts="0">
        <properties />
        <test-case id="1042" name="Approach01_IsMonotonicAsTheJeepneyCloses" fullname="DulogModelTests.Approach01_IsMonotonicAsTheJeepneyCloses" methodname="Approach01_IsMonotonicAsTheJeepneyCloses" classname="DulogModelTests" runstate="Runnable" seed="1241277240" result="Passed" start-time="2026-06-15 19:01:28Z" end-time="2026-06-15 19:01:28Z" duration="0.002863" asserts="0">
          <properties>
            <property name="retryIteration" value="0" />
            <property name="repeatIteration" value="0" />
          </properties>
        </test-case>
        <test-case id="1041" name="Approach01_RampsFromZeroFarToOneInRange" fullname="DulogModelTests.Approach01_RampsFromZeroFarToOneInRange" methodname="Approach01_RampsFromZeroFarToOneInRange" classname="DulogModelTests" runstate="Runnable" seed="1824808188" result="Passed" start-time="2026-06-15 19:01:28Z" end-time="2026-06-15 19:01:28Z" duration="0.002340" asserts="0">
          <properties>
            <property name="retryIteration" value="0" />
            <property name="repeatIteration" value="0" />
          </properties>
        </test-case>
        <test-case id="1043" name="State_TransitionsOnboardThenApproachingThenInRange" fullname="DulogModelTests.State_TransitionsOnboardThenApproachingThenInRange" methodname="State_TransitionsOnboardThenApproachingThenInRange" classname="DulogModelTests" runstate="Runnable" seed="1261313540" result="Passed" start-time="2026-06-15 19:01:28Z" end-time="2026-06-15 19:01:28Z" duration="0.001001" asserts="0">
          <properties>
            <property name="retryIteration" value="0" />
            <property name="repeatIteration" value="0" />
          </properties>
        </test-case>
      </test-suite>
      <test-suite type="TestFixture" id="1044" name="FareMathTests" fullname="FareMathTests" classname="FareMathTests" runstate="Runnable" testcasecount="9" result="Passed" start-time="2026-06-15 19:01:28Z" end-time="2026-06-15 19:01:28Z" duration="0.030505" total="9" passed="9" failed="0" inconclusive="0" skipped="0" asserts="0">
        <properties />
        <test-case id="1050" name="ChangeFor_BasicAndClamped" fullname="FareMathTests.ChangeFor_BasicAndClamped" methodname="ChangeFor_BasicAndClamped" classname="FareMathTests" runstate="Runnable" seed="909646612" result="Passed" start-time="2026-06-15 19:01:28Z" end-time="2026-06-15 19:01:28Z" duration="0.000695" asserts="0">
          <properties>
            <property name="retryIteration" value="0" />
            <property name="repeatIteration" value="0" />
          </properties>
        </test-case>
        <test-case id="1046" name="ComputeFare_ExtraStops_AddIncrement" fullname="FareMathTests.ComputeFare_ExtraStops_AddIncrement" methodname="ComputeFare_ExtraStops_AddIncrement" classname="FareMathTests" runstate="Runnable" seed="999177723" result="Passed" start-time="2026-06-15 19:01:28Z" end-time="2026-06-15 19:01:28Z" duration="0.000748" asserts="0">
          <properties>
            <property name="retryIteration" value="0" />
            <property name="repeatIteration" value="0" />
          </properties>
        </test-case>
        <test-case id="1045" name="ComputeFare_FirstStop_IsBaseFare" fullname="FareMathTests.ComputeFare_FirstStop_IsBaseFare" methodname="ComputeFare_FirstStop_IsBaseFare" classname="FareMathTests" runstate="Runnable" seed="239595564" result="Passed" start-time="2026-06-15 19:01:28Z" end-time="2026-06-15 19:01:28Z" duration="0.000732" asserts="0">
          <properties>
            <property name="retryIteration" value="0" />
            <property name="repeatIteration" value="0" />
          </properties>
        </test-case>
        <test-case id="1047" name="ComputeFare_ZeroOrNegativeStops_ClampsToBase" fullname="FareMathTests.ComputeFare_ZeroOrNegativeStops_ClampsToBase" methodname="ComputeFare_ZeroOrNegativeStops_ClampsToBase" classname="FareMathTests" runstate="Runnable" seed="1499073301" result="Passed" start-time="2026-06-15 19:01:28Z" end-time="2026-06-15 19:01:28Z" duration="0.000630" asserts="0">
          <properties>
            <property name="retryIteration" value="0" />
            <property name="repeatIteration" value="0" />
          </properties>
        </test-case>
        <test-case id="1048" name="GenerateTender_IsAlwaysAtLeastTheFare" fullname="FareMathTests.GenerateTender_IsAlwaysAtLeastTheFare" methodname="GenerateTender_IsAlwaysAtLeastTheFare" classname="FareMathTests" runstate="Runnable" seed="1776750666" result="Passed" start-time="2026-06-15 19:01:28Z" end-time="2026-06-15 19:01:28Z" duration="0.009538" asserts="0">
          <properties>
            <property name="retryIteration" value="0" />
            <property name="repeatIteration" value="0" />
          </properties>
        </test-case>
        <test-case id="1049" name="GenerateTender_ProducesExactAndBigBills" fullname="FareMathTests.GenerateTender_ProducesExactAndBigBills" methodname="GenerateTender_ProducesExactAndBigBills" classname="FareMathTests" runstate="Runnable" seed="572217536" result="Passed" start-time="2026-06-15 19:01:28Z" end-time="2026-06-15 19:01:28Z" duration="0.006687" asserts="0">
          <properties>
            <property name="retryIteration" value="0" />
            <property name="repeatIteration" value="0" />
          </properties>
        </test-case>
        <test-case id="1052" name="MakeChange_AlwaysSumsToAmount" fullname="FareMathTests.MakeChange_AlwaysSumsToAmount" methodname="MakeChange_AlwaysSumsToAmount" classname="FareMathTests" runstate="Runnable" seed="1212798491" result="Passed" start-time="2026-06-15 19:01:28Z" end-time="2026-06-15 19:01:28Z" duration="0.001961" asserts="0">
          <properties>
            <property name="retryIteration" value="0" />
            <property name="repeatIteration" value="0" />
          </properties>
        </test-case>
        <test-case id="1051" name="MakeChange_UsesFewestPieces" fullname="FareMathTests.MakeChange_UsesFewestPieces" methodname="MakeChange_UsesFewestPieces" classname="FareMathTests" runstate="Runnable" seed="2075278494" result="Passed" start-time="2026-06-15 19:01:28Z" end-time="2026-06-15 19:01:28Z" duration="0.001955" asserts="0">
          <properties>
            <property name="retryIteration" value="0" />
            <property name="repeatIteration" value="0" />
          </properties>
        </test-case>
        <test-case id="1053" name="ValidateChange_AcceptsAnyCombinationWithTheRightTotal" fullname="FareMathTests.ValidateChange_AcceptsAnyCombinationWithTheRightTotal" methodname="ValidateChange_AcceptsAnyCombinationWithTheRightTotal" classname="FareMathTests" runstate="Runnable" seed="313375592" result="Passed" start-time="2026-06-15 19:01:28Z" end-time="2026-06-15 19:01:28Z" duration="0.002159" asserts="0">
          <properties>
            <property name="retryIteration" value="0" />
            <property name="repeatIteration" value="0" />
          </properties>
        </test-case>
      </test-suite>
      <test-suite type="TestFixture" id="1054" name="FlowConnectTests" fullname="FlowConnectTests" classname="FlowConnectTests" runstate="Runnable" testcasecount="6" result="Passed" start-time="2026-06-15 19:01:28Z" end-time="2026-06-15 19:01:28Z" duration="0.022741" total="6" passed="6" failed="0" inconclusive="0" skipped="0" asserts="0">
        <properties />
        <test-case id="1055" name="EveryLayout_IsSolvedByItsReferenceSolution" fullname="FlowConnectTests.EveryLayout_IsSolvedByItsReferenceSolution" methodname="EveryLayout_IsSolvedByItsReferenceSolution" classname="FlowConnectTests" runstate="Runnable" seed="733378338" result="Passed" start-time="2026-06-15 19:01:28Z" end-time="2026-06-15 19:01:28Z" duration="0.011756" asserts="0">
          <properties>
            <property name="retryIteration" value="0" />
            <property name="repeatIteration" value="0" />
          </properties>
        </test-case>
        <test-case id="1060" name="Extend_BacktrackingTruncatesThePath" fullname="FlowConnectTests.Extend_BacktrackingTruncatesThePath" methodname="Extend_BacktrackingTruncatesThePath" classname="FlowConnectTests" runstate="Runnable" seed="45088361" result="Passed" start-time="2026-06-15 19:01:28Z" end-time="2026-06-15 19:01:28Z" duration="0.001882" asserts="0">
          <properties>
            <property name="retryIteration" value="0" />
            <property name="repeatIteration" value="0" />
          </properties>
        </test-case>
        <test-case id="1059" name="Extend_RejectsAnotherColoursHub" fullname="FlowConnectTests.Extend_RejectsAnotherColoursHub" methodname="Extend_RejectsAnotherColoursHub" classname="FlowConnectTests" runstate="Runnable" seed="1490157652" result="Passed" start-time="2026-06-15 19:01:28Z" end-time="2026-06-15 19:01:28Z" duration="0.001004" asserts="0">
          <properties>
            <property name="retryIteration" value="0" />
            <property name="repeatIteration" value="0" />
          </properties>
        </test-case>
        <test-case id="1058" name="Extend_RejectsCrossingAnotherColoursPath" fullname="FlowConnectTests.Extend_RejectsCrossingAnotherColoursPath" methodname="Extend_RejectsCrossingAnotherColoursPath" classname="FlowConnectTests" runstate="Runnable" seed="161697996" result="Passed" start-time="2026-06-15 19:01:28Z" end-time="2026-06-15 19:01:28Z" duration="0.001283" asserts="0">
          <properties>
            <property name="retryIteration" value="0" />
            <property name="repeatIteration" value="0" />
          </properties>
        </test-case>
        <test-case id="1057" name="Get_IsDeterministicAndWraps" fullname="FlowConnectTests.Get_IsDeterministicAndWraps" methodname="Get_IsDeterministicAndWraps" classname="FlowConnectTests" runstate="Runnable" seed="474696360" result="Passed" start-time="2026-06-15 19:01:28Z" end-time="2026-06-15 19:01:28Z" duration="0.000868" asserts="0">
          <properties>
            <property name="retryIteration" value="0" />
            <property name="repeatIteration" value="0" />
          </properties>
        </test-case>
        <test-case id="1056" name="LayoutSolutions_MatchTheirHubs" fullname="FlowConnectTests.LayoutSolutions_MatchTheirHubs" methodname="LayoutSolutions_MatchTheirHubs" classname="FlowConnectTests" runstate="Runnable" seed="1916881546" result="Passed" start-time="2026-06-15 19:01:28Z" end-time="2026-06-15 19:01:28Z" duration="0.001743" asserts="0">
          <properties>
            <property name="retryIteration" value="0" />
            <property name="repeatIteration" value="0" />
          </properties>
        </test-case>
      </test-suite>
      <test-suite type="TestFixture" id="1061" name="GridLayoutProjectorTests" fullname="GridLayoutProjectorTests" classname="GridLayoutProjectorTests" runstate="Runnable" testcasecount="3" result="Passed" start-time="2026-06-15 19:01:28Z" end-time="2026-06-15 19:01:28Z" duration="0.046348" total="3" passed="3" failed="0" inconclusive="0" skipped="0" asserts="0">
        <properties />
        <test-case id="1063" name="Projection_FillsEveryNodeGridCell" fullname="GridLayoutProjectorTests.Projection_FillsEveryNodeGridCell" methodname="Projection_FillsEveryNodeGridCell" classname="GridLayoutProjectorTests" runstate="Runnable" seed="1743873400" result="Passed" start-time="2026-06-15 19:01:28Z" end-time="2026-06-15 19:01:28Z" duration="0.031637" asserts="0">
          <properties>
            <property name="retryIteration" value="0" />
            <property name="repeatIteration" value="0" />
          </properties>
        </test-case>
        <test-case id="1062" name="Projection_ParsesCleanly_WithOneStartAndDest" fullname="GridLayoutProjectorTests.Projection_ParsesCleanly_WithOneStartAndDest" methodname="Projection_ParsesCleanly_WithOneStartAndDest" classname="GridLayoutProjectorTests" runstate="Runnable" seed="2053643487" result="Passed" start-time="2026-06-15 19:01:28Z" end-time="2026-06-15 19:01:28Z" duration="0.009903" asserts="0">
          <properties>
            <property name="retryIteration" value="0" />
            <property name="repeatIteration" value="0" />
          </properties>
        </test-case>
        <test-case id="1064" name="StopCells_MatchParsedGrid" fullname="GridLayoutProjectorTests.StopCells_MatchParsedGrid" methodname="StopCells_MatchParsedGrid" classname="GridLayoutProjectorTests" runstate="Runnable" seed="2065827440" result="Passed" start-time="2026-06-15 19:01:28Z" end-time="2026-06-15 19:01:28Z" duration="0.001933" asserts="0">
          <properties>
            <property name="retryIteration" value="0" />
            <property name="repeatIteration" value="0" />
          </properties>
        </test-case>
      </test-suite>
      <test-suite type="TestFixture" id="1065" name="GridPathfinderTests" fullname="GridPathfinderTests" classname="GridPathfinderTests" runstate="Runnable" testcasecount="4" result="Passed" start-time="2026-06-15 19:01:28Z" end-time="2026-06-15 19:01:28Z" duration="0.008161" total="4" passed="4" failed="0" inconclusive="0" skipped="0" asserts="0">
        <properties />
        <test-case id="1066" name="Path_FindsShortestStraightRun" fullname="GridPathfinderTests.Path_FindsShortestStraightRun" methodname="Path_FindsShortestStraightRun" classname="GridPathfinderTests" runstate="Runnable" seed="2014116818" result="Passed" start-time="2026-06-15 19:01:28Z" end-time="2026-06-15 19:01:28Z" duration="0.001780" asserts="0">
          <properties>
            <property name="retryIteration" value="0" />
            <property name="repeatIteration" value="0" />
          </properties>
        </test-case>
        <test-case id="1067" name="Path_IsNullWhenUnreachable" fullname="GridPathfinderTests.Path_IsNullWhenUnreachable" methodname="Path_IsNullWhenUnreachable" classname="GridPathfinderTests" runstate="Runnable" seed="1587272664" result="Passed" start-time="2026-06-15 19:01:28Z" end-time="2026-06-15 19:01:28Z" duration="0.001036" asserts="0">
          <properties>
            <property name="retryIteration" value="0" />
            <property name="repeatIteration" value="0" />
          </properties>
        </test-case>
        <test-case id="1069" name="Path_SameCellReturnsSingleStep" fullname="GridPathfinderTests.Path_SameCellReturnsSingleStep" methodname="Path_SameCellReturnsSingleStep" classname="GridPathfinderTests" runstate="Runnable" seed="334496991" result="Passed" start-time="2026-06-15 19:01:28Z" end-time="2026-06-15 19:01:28Z" duration="0.000837" asserts="0">
          <properties>
            <property name="retryIteration" value="0" />
            <property name="repeatIteration" value="0" />
          </properties>
        </test-case>
        <test-case id="1068" name="ToActions_TurnsAndMovesAlongAnLBend" fullname="GridPathfinderTests.ToActions_TurnsAndMovesAlongAnLBend" methodname="ToActions_TurnsAndMovesAlongAnLBend" classname="GridPathfinderTests" runstate="Runnable" seed="512867698" result="Passed" start-time="2026-06-15 19:01:28Z" end-time="2026-06-15 19:01:28Z" duration="0.001191" asserts="0">
          <properties>
            <property name="retryIteration" value="0" />
            <property name="repeatIteration" value="0" />
          </properties>
        </test-case>
      </test-suite>
      <test-suite type="TestFixture" id="1070" name="InterpreterTests" fullname="InterpreterTests" classname="InterpreterTests" runstate="Runnable" testcasecount="41" result="Passed" start-time="2026-06-15 19:01:28Z" end-time="2026-06-15 19:01:28Z" duration="0.147858" total="41" passed="41" failed="0" inconclusive="0" skipped="0" asserts="0">
        <properties />
        <test-case id="1088" name="ActionAsValue_RuntimeErrorWithCoachingMessage" fullname="InterpreterTests.ActionAsValue_RuntimeErrorWithCoachingMessage" methodname="ActionAsValue_RuntimeErrorWithCoachingMessage" classname="InterpreterTests" runstate="Runnable" seed="1525056560" result="Passed" start-time="2026-06-15 19:01:28Z" end-time="2026-06-15 19:01:28Z" duration="0.013383" asserts="0">
          <properties>
            <property name="retryIteration" value="0" />
            <property name="repeatIteration" value="0" />
          </properties>
        </test-case>
        <test-case id="1089" name="Arithmetic_ComputesCorrectly" fullname="InterpreterTests.Arithmetic_ComputesCorrectly" methodname="Arithmetic_ComputesCorrectly" classname="InterpreterTests" runstate="Runnable" seed="1708062898" result="Passed" start-time="2026-06-15 19:01:28Z" end-time="2026-06-15 19:01:28Z" duration="0.013450" asserts="0">
          <properties>
            <property name="retryIteration" value="0" />
            <property name="repeatIteration" value="0" />
          </properties>
        </test-case>
        <test-case id="1081" name="Assignment_ReadsBackVariable" fullname="InterpreterTests.Assignment_ReadsBackVariable" methodname="Assignment_ReadsBackVariable" classname="InterpreterTests" runstate="Runnable" seed="1253885804" result="Passed" start-time="2026-06-15 19:01:28Z" end-time="2026-06-15 19:01:28Z" duration="0.002373" asserts="0">
          <properties>
            <property name="retryIteration" value="0" />
            <property name="repeatIteration" value="0" />
          </properties>
        </test-case>
        <test-case id="1090" name="BooleanAnd_ShortCircuits" fullname="InterpreterTests.BooleanAnd_ShortCircuits" methodname="BooleanAnd_ShortCircuits" classname="InterpreterTests" runstate="Runnable" seed="1995108775" result="Passed" start-time="2026-06-15 19:01:28Z" end-time="2026-06-15 19:01:28Z" duration="0.001265" asserts="0">
          <properties>
            <property name="retryIteration" value="0" />
            <property name="repeatIteration" value="0" />
          </properties>
        </test-case>
        <test-case id="1099" name="Break_ExitsLoop" fullname="InterpreterTests.Break_ExitsLoop" methodname="Break_ExitsLoop" classname="InterpreterTests" runstate="Runnable" seed="1075888842" result="Passed" start-time="2026-06-15 19:01:28Z" end-time="2026-06-15 19:01:28Z" duration="0.004465" asserts="0">
          <properties>
            <property name="retryIteration" value="0" />
            <property name="repeatIteration" value="0" />
          </properties>
        </test-case>
        <test-case id="1110" name="Builtins_SumSortedLen" fullname="InterpreterTests.Builtins_SumSortedLen" methodname="Builtins_SumSortedLen" classname="InterpreterTests" runstate="Runnable" seed="1336674299" result="Passed" start-time="2026-06-15 19:01:28Z" end-time="2026-06-15 19:01:28Z" duration="0.009971" asserts="0">
          <properties>
            <property name="retryIteration" value="0" />
            <property name="repeatIteration" value="0" />
          </properties>
        </test-case>
        <test-case id="1091" name="Comparison_UsesExpressions" fullname="InterpreterTests.Comparison_UsesExpressions" methodname="Comparison_UsesExpressions" classname="InterpreterTests" runstate="Runnable" seed="1794284798" result="Passed" start-time="2026-06-15 19:01:28Z" end-time="2026-06-15 19:01:28Z" duration="0.002429" asserts="0">
          <properties>
            <property name="retryIteration" value="0" />
            <property name="repeatIteration" value="0" />
          </properties>
        </test-case>
        <test-case id="1078" name="ConditionOnlySpin_TripsTheEvaluationGuard" fullname="InterpreterTests.ConditionOnlySpin_TripsTheEvaluationGuard" methodname="ConditionOnlySpin_TripsTheEvaluationGuard" classname="InterpreterTests" runstate="Runnable" seed="290680679" result="Passed" start-time="2026-06-15 19:01:28Z" end-time="2026-06-15 19:01:28Z" duration="0.015523" asserts="0">
          <properties>
            <property name="retryIteration" value="0" />
            <property name="repeatIteration" value="0" />
          </properties>
        </test-case>
        <test-case id="1100" name="Continue_SkipsRestOfIteration" fullname="InterpreterTests.Continue_SkipsRestOfIteration" methodname="Continue_SkipsRestOfIteration" classname="InterpreterTests" runstate="Runnable" seed="529046142" result="Passed" start-time="2026-06-15 19:01:28Z" end-time="2026-06-15 19:01:28Z" duration="0.001120" asserts="0">
          <properties>
            <property name="retryIteration" value="0" />
            <property name="repeatIteration" value="0" />
          </properties>
        </test-case>
        <test-case id="1108" name="Dict_LookupAndAssign" fullname="InterpreterTests.Dict_LookupAndAssign" methodname="Dict_LookupAndAssign" classname="InterpreterTests" runstate="Runnable" seed="243376514" result="Passed" start-time="2026-06-15 19:01:28Z" end-time="2026-06-15 19:01:28Z" duration="0.011707" asserts="0">
          <properties>
            <property name="retryIteration" value="0" />
            <property name="repeatIteration" value="0" />
          </properties>
        </test-case>
        <test-case id="1098" name="Elif_TakesTheMatchingBranch" fullname="InterpreterTests.Elif_TakesTheMatchingBranch" methodname="Elif_TakesTheMatchingBranch" classname="InterpreterTests" runstate="Runnable" seed="393849525" result="Passed" start-time="2026-06-15 19:01:28Z" end-time="2026-06-15 19:01:28Z" duration="0.001395" asserts="0">
          <properties>
            <property name="retryIteration" value="0" />
            <property name="repeatIteration" value="0" />
          </properties>
        </test-case>
        <test-case id="1079" name="EmptyProgram_FinishesImmediately" fullname="InterpreterTests.EmptyProgram_FinishesImmediately" methodname="EmptyProgram_FinishesImmediately" classname="InterpreterTests" runstate="Runnable" seed="55068083" result="Passed" start-time="2026-06-15 19:01:28Z" end-time="2026-06-15 19:01:28Z" duration="0.000803" asserts="0">
          <properties>
            <property name="retryIteration" value="0" />
            <property name="repeatIteration" value="0" />
          </properties>
        </test-case>
        <test-case id="1097" name="ForEach_OverString_IteratesCharacters" fullname="InterpreterTests.ForEach_OverString_IteratesCharacters" methodname="ForEach_OverString_IteratesCharacters" classname="InterpreterTests" runstate="Runnable" seed="1663234939" result="Passed" start-time="2026-06-15 19:01:28Z" end-time="2026-06-15 19:01:28Z" duration="0.002044" asserts="0">
          <properties>
            <property name="retryIteration" value="0" />
            <property name="repeatIteration" value="0" />
          </properties>
        </test-case>
        <test-case id="1096" name="ForRange_LoopsCorrectNumberOfTimes" fullname="InterpreterTests.ForRange_LoopsCorrectNumberOfTimes" methodname="ForRange_LoopsCorrectNumberOfTimes" classname="InterpreterTests" runstate="Runnable" seed="1535361568" result="Passed" start-time="2026-06-15 19:01:28Z" end-time="2026-06-15 19:01:28Z" duration="0.001137" asserts="0">
          <properties>
            <property name="retryIteration" value="0" />
            <property name="repeatIteration" value="0" />
          </properties>
        </test-case>
        <test-case id="1104" name="Function_CallAsStatement" fullname="InterpreterTests.Function_CallAsStatement" methodname="Function_CallAsStatement" classname="InterpreterTests" runstate="Runnable" seed="943990495" result="Passed" start-time="2026-06-15 19:01:28Z" end-time="2026-06-15 19:01:28Z" duration="0.002386" asserts="0">
          <properties>
            <property name="retryIteration" value="0" />
            <property name="repeatIteration" value="0" />
          </properties>
        </test-case>
        <test-case id="1103" name="Function_ReadsGlobal_AssignmentMakesLocal" fullname="InterpreterTests.Function_ReadsGlobal_AssignmentMakesLocal" methodname="Function_ReadsGlobal_AssignmentMakesLocal" classname="InterpreterTests" runstate="Runnable" seed="57988146" result="Passed" start-time="2026-06-15 19:01:28Z" end-time="2026-06-15 19:01:28Z" duration="0.002729" asserts="0">
          <properties>
            <property name="retryIteration" value="0" />
            <property name="repeatIteration" value="0" />
          </properties>
        </test-case>
        <test-case id="1102" name="Function_ReturnsValue_UsedInExpression" fullname="InterpreterTests.Function_ReturnsValue_UsedInExpression" methodname="Function_ReturnsValue_UsedInExpression" classname="InterpreterTests" runstate="Runnable" seed="503346049" result="Passed" start-time="2026-06-15 19:01:28Z" end-time="2026-06-15 19:01:28Z" duration="0.001341" asserts="0">
          <properties>
            <property name="retryIteration" value="0" />
            <property name="repeatIteration" value="0" />
          </properties>
        </test-case>
        <test-case id="1105" name="Function_WrongArgCount_RuntimeError" fullname="InterpreterTests.Function_WrongArgCount_RuntimeError" methodname="Function_WrongArgCount_RuntimeError" classname="InterpreterTests" runstate="Runnable" seed="1311054331" result="Passed" start-time="2026-06-15 19:01:28Z" end-time="2026-06-15 19:01:28Z" duration="0.001180" asserts="0">
          <properties>
            <property name="retryIteration" value="0" />
            <property name="repeatIteration" value="0" />
          </properties>
        </test-case>
        <test-case id="1073" name="If_TakesTheElseBranch" fullname="InterpreterTests.If_TakesTheElseBranch" methodname="If_TakesTheElseBranch" classname="InterpreterTests" runstate="Runnable" seed="933400208" result="Passed" start-time="2026-06-15 19:01:28Z" end-time="2026-06-15 19:01:28Z" duration="0.003843" asserts="0">
          <properties>
            <property name="retryIteration" value="0" />
            <property name="repeatIteration" value="0" />
          </properties>
        </test-case>
        <test-case id="1072" name="If_TakesTheTrueBranch" fullname="InterpreterTests.If_TakesTheTrueBranch" methodname="If_TakesTheTrueBranch" classname="InterpreterTests" runstate="Runnable" seed="1684732466" result="Passed" start-time="2026-06-15 19:01:28Z" end-time="2026-06-15 19:01:28Z" duration="0.001260" asserts="0">
          <properties>
            <property name="retryIteration" value="0" />
            <property name="repeatIteration" value="0" />
          </properties>
        </test-case>
        <test-case id="1077" name="InfiniteLoop_TripsTheActionGuard_WithAPlainEnglishError" fullname="InterpreterTests.InfiniteLoop_TripsTheActionGuard_WithAPlainEnglishError" methodname="InfiniteLoop_TripsTheActionGuard_WithAPlainEnglishError" classname="InterpreterTests" runstate="Runnable" seed="1988804169" result="Passed" start-time="2026-06-15 19:01:28Z" end-time="2026-06-15 19:01:28Z" duration="0.006569" asserts="0">
          <properties>
            <property name="retryIteration" value="0" />
            <property name="repeatIteration" value="0" />
          </properties>
        </test-case>
        <test-case id="1071" name="LinearProgram_EmitsActionsInOrder_OnePerStep" fullname="InterpreterTests.LinearProgram_EmitsActionsInOrder_OnePerStep" methodname="LinearProgram_EmitsActionsInOrder_OnePerStep" classname="InterpreterTests" runstate="Runnable" seed="1070585064" result="Passed" start-time="2026-06-15 19:01:28Z" end-time="2026-06-15 19:01:28Z" duration="0.001389" asserts="0">
          <properties>
            <property name="retryIteration" value="0" />
            <property name="repeatIteration" value="0" />
          </properties>
        </test-case>
        <test-case id="1107" name="List_IndexAndAssign" fullname="InterpreterTests.List_IndexAndAssign" methodname="List_IndexAndAssign" classname="InterpreterTests" runstate="Runnable" seed="935047096" result="Passed" start-time="2026-06-15 19:01:28Z" end-time="2026-06-15 19:01:28Z" duration="0.001696" asserts="0">
          <properties>
            <property name="retryIteration" value="0" />
            <property name="repeatIteration" value="0" />
          </properties>
        </test-case>
        <test-case id="1106" name="List_LiteralAndAppend" fullname="InterpreterTests.List_LiteralAndAppend" methodname="List_LiteralAndAppend" classname="InterpreterTests" runstate="Runnable" seed="128814364" result="Passed" start-time="2026-06-15 19:01:28Z" end-time="2026-06-15 19:01:28Z" duration="0.001017" asserts="0">
          <properties>
            <property name="retryIteration" value="0" />
            <property name="repeatIteration" value="0" />
          </properties>
        </test-case>
        <test-case id="1111" name="MethodCall_Append" fullname="InterpreterTests.MethodCall_Append" methodname="MethodCall_Append" classname="InterpreterTests" runstate="Runnable" seed="929846773" result="Passed" start-time="2026-06-15 19:01:28Z" end-time="2026-06-15 19:01:28Z" duration="0.001561" asserts="0">
          <properties>
            <property name="retryIteration" value="0" />
            <property name="repeatIteration" value="0" />
          </properties>
        </test-case>
        <test-case id="1082" name="MoveForwardWithLiteral_RepeatsNTimes" fullname="InterpreterTests.MoveForwardWithLiteral_RepeatsNTimes" methodname="MoveForwardWithLiteral_RepeatsNTimes" classname="InterpreterTests" runstate="Runnable" seed="745715192" result="Passed" start-time="2026-06-15 19:01:28Z" end-time="2026-06-15 19:01:28Z" duration="0.001025" asserts="0">
          <properties>
            <property name="retryIteration" value="0" />
            <property name="repeatIteration" value="0" />
          </properties>
        </test-case>
        <test-case id="1076" name="NestedIfInsideWhile_ExecutesPerIteration" fullname="InterpreterTests.NestedIfInsideWhile_ExecutesPerIteration" methodname="NestedIfInsideWhile_ExecutesPerIteration" classname="InterpreterTests" runstate="Runnable" seed="613747688" result="Passed" start-time="2026-06-15 19:01:28Z" end-time="2026-06-15 19:01:28Z" duration="0.000902" asserts="0">
          <properties>
            <property name="retryIteration" value="0" />
            <property name="repeatIteration" value="0" />
          </properties>
        </test-case>
        <test-case id="1095" name="NotIn_Membership" fullname="InterpreterTests.NotIn_Membership" methodname="NotIn_Membership" classname="InterpreterTests" runstate="Runnable" seed="428179739" result="Passed" start-time="2026-06-15 19:01:28Z" end-time="2026-06-15 19:01:28Z" duration="0.001540" asserts="0">
          <properties>
            <property name="retryIteration" value="0" />
            <property name="repeatIteration" value="0" />
          </properties>
        </test-case>
        <test-case id="1084" name="Print_CollectsOutput" fullname="InterpreterTests.Print_CollectsOutput" methodname="Print_CollectsOutput" classname="InterpreterTests" runstate="Runnable" seed="1874564701" result="Passed" start-time="2026-06-15 19:01:28Z" end-time="2026-06-15 19:01:28Z" duration="0.001072" asserts="0">
          <properties>
            <property name="retryIteration" value="0" />
            <property name="repeatIteration" value="0" />
          </properties>
        </test-case>
        <test-case id="1094" name="QueryAsValue_AssignedAsBool" fullname="InterpreterTests.QueryAsValue_AssignedAsBool" methodname="QueryAsValue_AssignedAsBool" classname="InterpreterTests" runstate="Runnable" seed="1982543595" result="Passed" start-time="2026-06-15 19:01:28Z" end-time="2026-06-15 19:01:28Z" duration="0.001074" asserts="0">
          <properties>
            <property name="retryIteration" value="0" />
            <property name="repeatIteration" value="0" />
          </properties>
        </test-case>
        <test-case id="1080" name="Reload_ResetsExecutionState" fullname="InterpreterTests.Reload_ResetsExecutionState" methodname="Reload_ResetsExecutionState" classname="InterpreterTests" runstate="Runnable" seed="960492815" result="Passed" start-time="2026-06-15 19:01:28Z" end-time="2026-06-15 19:01:28Z" duration="0.000910" asserts="0">
          <properties>
            <property name="retryIteration" value="0" />
            <property name="repeatIteration" value="0" />
          </properties>
        </test-case>
        <test-case id="1101" name="RepeatSugar_LowersToRangeLoop" fullname="InterpreterTests.RepeatSugar_LowersToRangeLoop" methodname="RepeatSugar_LowersToRangeLoop" classname="InterpreterTests" runstate="Runnable" seed="1263113810" result="Passed" start-time="2026-06-15 19:01:28Z" end-time="2026-06-15 19:01:28Z" duration="0.002467" asserts="0">
          <properties>
            <property name="retryIteration" value="0" />
            <property name="repeatIteration" value="0" />
          </properties>
        </test-case>
        <test-case id="1085" name="Reporter_ReadsValueIntoVariable" fullname="InterpreterTests.Reporter_ReadsValueIntoVariable" methodname="Reporter_ReadsValueIntoVariable" classname="InterpreterTests" runstate="Runnable" seed="1143190474" result="Passed" start-time="2026-06-15 19:01:28Z" end-time="2026-06-15 19:01:28Z" duration="0.004365" asserts="0">
          <properties>
            <property name="retryIteration" value="0" />
            <property name="repeatIteration" value="0" />
          </properties>
        </test-case>
        <test-case id="1093" name="StringConcatenation_Works" fullname="InterpreterTests.StringConcatenation_Works" methodname="StringConcatenation_Works" classname="InterpreterTests" runstate="Runnable" seed="238971388" result="Passed" start-time="2026-06-15 19:01:28Z" end-time="2026-06-15 19:01:28Z" duration="0.001005" asserts="0">
          <properties>
            <property name="retryIteration" value="0" />
            <property name="repeatIteration" value="0" />
          </properties>
        </test-case>
        <test-case id="1109" name="Tuple_CreateAndIndex" fullname="InterpreterTests.Tuple_CreateAndIndex" methodname="Tuple_CreateAndIndex" classname="InterpreterTests" runstate="Runnable" seed="1450788659" result="Passed" start-time="2026-06-15 19:01:28Z" end-time="2026-06-15 19:01:28Z" duration="0.001132" asserts="0">
          <properties>
            <property name="retryIteration" value="0" />
            <property name="repeatIteration" value="0" />
          </properties>
        </test-case>
        <test-case id="1092" name="TypeMismatch_AddingStringAndNumber_Errors" fullname="InterpreterTests.TypeMismatch_AddingStringAndNumber_Errors" methodname="TypeMismatch_AddingStringAndNumber_Errors" classname="InterpreterTests" runstate="Runnable" seed="2007408072" result="Passed" start-time="2026-06-15 19:01:28Z" end-time="2026-06-15 19:01:28Z" duration="0.001587" asserts="0">
          <properties>
            <property name="retryIteration" value="0" />
            <property name="repeatIteration" value="0" />
          </properties>
        </test-case>
        <test-case id="1087" name="UndefinedVariable_RuntimeErrorWithCoachingMessage" fullname="InterpreterTests.UndefinedVariable_RuntimeErrorWithCoachingMessage" methodname="UndefinedVariable_RuntimeErrorWithCoachingMessage" classname="InterpreterTests" runstate="Runnable" seed="1354597970" result="Passed" start-time="2026-06-15 19:01:28Z" end-time="2026-06-15 19:01:28Z" duration="0.000930" asserts="0">
          <properties>
            <property name="retryIteration" value="0" />
            <property name="repeatIteration" value="0" />
          </properties>
        </test-case>
        <test-case id="1086" name="ValueReturningAction_BindsViaDeliverProtocol" fullname="InterpreterTests.ValueReturningAction_BindsViaDeliverProtocol" methodname="ValueReturningAction_BindsViaDeliverProtocol" classname="InterpreterTests" runstate="Runnable" seed="1343611469" result="Passed" start-time="2026-06-15 19:01:28Z" end-time="2026-06-15 19:01:28Z" duration="0.001355" asserts="0">
          <properties>
            <property name="retryIteration" value="0" />
            <property name="repeatIteration" value="0" />
          </properties>
        </test-case>
        <test-case id="1083" name="Wait_RepeatsNTimes" fullname="InterpreterTests.Wait_RepeatsNTimes" methodname="Wait_RepeatsNTimes" classname="InterpreterTests" runstate="Runnable" seed="1523240263" result="Passed" start-time="2026-06-15 19:01:28Z" end-time="2026-06-15 19:01:28Z" duration="0.000759" asserts="0">
          <properties>
            <property name="retryIteration" value="0" />
            <property name="repeatIteration" value="0" />
          </properties>
        </test-case>
        <test-case id="1074" name="While_RunsUntilTheQueryFlips" fullname="InterpreterTests.While_RunsUntilTheQueryFlips" methodname="While_RunsUntilTheQueryFlips" classname="InterpreterTests" runstate="Runnable" seed="1857267392" result="Passed" start-time="2026-06-15 19:01:28Z" end-time="2026-06-15 19:01:28Z" duration="0.000839" asserts="0">
          <properties>
            <property name="retryIteration" value="0" />
            <property name="repeatIteration" value="0" />
          </properties>
        </test-case>
        <test-case id="1075" name="WhileNot_InvertsTheQuery" fullname="InterpreterTests.WhileNot_InvertsTheQuery" methodname="WhileNot_InvertsTheQuery" classname="InterpreterTests" runstate="Runnable" seed="123892609" result="Passed" start-time="2026-06-15 19:01:28Z" end-time="2026-06-15 19:01:28Z" duration="0.000712" asserts="0">
          <properties>
            <property name="retryIteration" value="0" />
            <property name="repeatIteration" value="0" />
          </properties>
        </test-case>
      </test-suite>
      <test-suite type="TestFixture" id="1112" name="Level1SolutionTests" fullname="Level1SolutionTests" classname="Level1SolutionTests" runstate="Runnable" testcasecount="9" result="Passed" start-time="2026-06-15 19:01:28Z" end-time="2026-06-15 19:01:28Z" duration="0.019267" total="9" passed="9" failed="0" inconclusive="0" skipped="0" asserts="0">
        <properties />
        <test-case id="1114" name="Level1Map_ParsesCleanly" fullname="Level1SolutionTests.Level1Map_ParsesCleanly" methodname="Level1Map_ParsesCleanly" classname="Level1SolutionTests" runstate="Runnable" seed="472603353" result="Passed" start-time="2026-06-15 19:01:28Z" end-time="2026-06-15 19:01:28Z" duration="0.002641" asserts="0">
          <properties>
            <property name="retryIteration" value="0" />
            <property name="repeatIteration" value="0" />
          </properties>
        </test-case>
        <test-case id="1117" name="Level1Solution_StaysWellUnderTheLoopGuard" fullname="Level1SolutionTests.Level1Solution_StaysWellUnderTheLoopGuard" methodname="Level1Solution_StaysWellUnderTheLoopGuard" classname="Level1SolutionTests" runstate="Runnable" seed="257092219" result="Passed" start-time="2026-06-15 19:01:28Z" end-time="2026-06-15 19:01:28Z" duration="0.001525" asserts="0">
          <properties>
            <property name="retryIteration" value="0" />
            <property name="repeatIteration" value="0" />
          </properties>
        </test-case>
        <test-case id="1116" name="Level1Solution_WinsExactlyAtPar" fullname="Level1SolutionTests.Level1Solution_WinsExactlyAtPar" methodname="Level1Solution_WinsExactlyAtPar" classname="Level1SolutionTests" runstate="Runnable" seed="172056618" result="Passed" start-time="2026-06-15 19:01:28Z" end-time="2026-06-15 19:01:28Z" duration="0.001399" asserts="0">
          <properties>
            <property name="retryIteration" value="0" />
            <property name="repeatIteration" value="0" />
          </properties>
        </test-case>
        <test-case id="1120" name="Library_HasSixLevels_WithTutorialAndLevel1Playable" fullname="Level1SolutionTests.Library_HasSixLevels_WithTutorialAndLevel1Playable" methodname="Library_HasSixLevels_WithTutorialAndLevel1Playable" classname="Level1SolutionTests" runstate="Runnable" seed="502970697" result="Passed" start-time="2026-06-15 19:01:28Z" end-time="2026-06-15 19:01:28Z" duration="0.002293" asserts="0">
          <properties>
            <property name="retryIteration" value="0" />
            <property name="repeatIteration" value="0" />
          </properties>
        </test-case>
        <test-case id="1119" name="Oton_HasACrateStackTownGate" fullname="Level1SolutionTests.Oton_HasACrateStackTownGate" methodname="Oton_HasACrateStackTownGate" classname="Level1SolutionTests" runstate="Runnable" seed="245193503" result="Passed" start-time="2026-06-15 19:01:28Z" end-time="2026-06-15 19:01:28Z" duration="0.000769" asserts="0">
          <properties>
            <property name="retryIteration" value="0" />
            <property name="repeatIteration" value="0" />
          </properties>
        </test-case>
        <test-case id="1118" name="OtonMaze_UsesAuthoredGrid_AndIsSolvedByItsSolution" fullname="Level1SolutionTests.OtonMaze_UsesAuthoredGrid_AndIsSolvedByItsSolution" methodname="OtonMaze_UsesAuthoredGrid_AndIsSolvedByItsSolution" classname="Level1SolutionTests" runstate="Runnable" seed="688253095" result="Passed" start-time="2026-06-15 19:01:28Z" end-time="2026-06-15 19:01:28Z" duration="0.001634" asserts="0">
          <properties>
            <property name="retryIteration" value="0" />
            <property name="repeatIteration" value="0" />
          </properties>
        </test-case>
        <test-case id="1121" name="PlayableLevels_HaveManualRoutesWithOneDestination" fullname="Level1SolutionTests.PlayableLevels_HaveManualRoutesWithOneDestination" methodname="PlayableLevels_HaveManualRoutesWithOneDestination" classname="Level1SolutionTests" runstate="Runnable" seed="1991733351" result="Passed" start-time="2026-06-15 19:01:28Z" end-time="2026-06-15 19:01:28Z" duration="0.001705" asserts="0">
          <properties>
            <property name="retryIteration" value="0" />
            <property name="repeatIteration" value="0" />
          </properties>
        </test-case>
        <test-case id="1113" name="TutorialMap_ParsesCleanly" fullname="Level1SolutionTests.TutorialMap_ParsesCleanly" methodname="TutorialMap_ParsesCleanly" classname="Level1SolutionTests" runstate="Runnable" seed="955366630" result="Passed" start-time="2026-06-15 19:01:28Z" end-time="2026-06-15 19:01:28Z" duration="0.000817" asserts="0">
          <properties>
            <property name="retryIteration" value="0" />
            <property name="repeatIteration" value="0" />
          </properties>
        </test-case>
        <test-case id="1115" name="TutorialSolution_WinsExactlyAtPar" fullname="Level1SolutionTests.TutorialSolution_WinsExactlyAtPar" methodname="TutorialSolution_WinsExactlyAtPar" classname="Level1SolutionTests" runstate="Runnable" seed="1356471590" result="Passed" start-time="2026-06-15 19:01:28Z" end-time="2026-06-15 19:01:28Z" duration="0.001164" asserts="0">
          <properties>
            <property name="retryIteration" value="0" />
            <property name="repeatIteration" value="0" />
          </properties>
        </test-case>
      </test-suite>
      <test-suite type="TestFixture" id="1122" name="LexerTests" fullname="LexerTests" classname="LexerTests" runstate="Runnable" testcasecount="16" result="Passed" start-time="2026-06-15 19:01:28Z" end-time="2026-06-15 19:01:28Z" duration="0.030451" total="16" passed="16" failed="0" inconclusive="0" skipped="0" asserts="0">
        <properties />
        <test-case id="1137" name="BracketsBracesDot_Tokenize" fullname="LexerTests.BracketsBracesDot_Tokenize" methodname="BracketsBracesDot_Tokenize" classname="LexerTests" runstate="Runnable" seed="562997281" result="Passed" start-time="2026-06-15 19:01:28Z" end-time="2026-06-15 19:01:28Z" duration="0.005399" asserts="0">
          <properties>
            <property name="retryIteration" value="0" />
            <property name="repeatIteration" value="0" />
          </properties>
        </test-case>
        <test-case id="1135" name="CommaAndAssign_Tokenize" fullname="LexerTests.CommaAndAssign_Tokenize" methodname="CommaAndAssign_Tokenize" classname="LexerTests" runstate="Runnable" seed="2049790451" result="Passed" start-time="2026-06-15 19:01:28Z" end-time="2026-06-15 19:01:28Z" duration="0.000761" asserts="0">
          <properties>
            <property name="retryIteration" value="0" />
            <property name="repeatIteration" value="0" />
          </properties>
        </test-case>
        <test-case id="1126" name="CommentsAndBlankLines_AreSkippedEntirely" fullname="LexerTests.CommentsAndBlankLines_AreSkippedEntirely" methodname="CommentsAndBlankLines_AreSkippedEntirely" classname="LexerTests" runstate="Runnable" seed="1113897160" result="Passed" start-time="2026-06-15 19:01:28Z" end-time="2026-06-15 19:01:28Z" duration="0.002290" asserts="0">
          <properties>
            <property name="retryIteration" value="0" />
            <property name="repeatIteration" value="0" />
          </properties>
        </test-case>
        <test-case id="1124" name="IndentedBlock_EmitsIndentAndDedent" fullname="LexerTests.IndentedBlock_EmitsIndentAndDedent" methodname="IndentedBlock_EmitsIndentAndDedent" classname="LexerTests" runstate="Runnable" seed="268026035" result="Passed" start-time="2026-06-15 19:01:28Z" end-time="2026-06-15 19:01:28Z" duration="0.000899" asserts="0">
          <properties>
            <property name="retryIteration" value="0" />
            <property name="repeatIteration" value="0" />
          </properties>
        </test-case>
        <test-case id="1130" name="KeywordsAreRecognized" fullname="LexerTests.KeywordsAreRecognized" methodname="KeywordsAreRecognized" classname="LexerTests" runstate="Runnable" seed="1754671803" result="Passed" start-time="2026-06-15 19:01:28Z" end-time="2026-06-15 19:01:28Z" duration="0.001591" asserts="0">
          <properties>
            <property name="retryIteration" value="0" />
            <property name="repeatIteration" value="0" />
          </properties>
        </test-case>
        <test-case id="1127" name="MisalignedDedent_ReportsPlainEnglishError" fullname="LexerTests.MisalignedDedent_ReportsPlainEnglishError" methodname="MisalignedDedent_ReportsPlainEnglishError" classname="LexerTests" runstate="Runnable" seed="1168467561" result="Passed" start-time="2026-06-15 19:01:28Z" end-time="2026-06-15 19:01:28Z" duration="0.000893" asserts="0">
          <properties>
            <property name="retryIteration" value="0" />
            <property name="repeatIteration" value="0" />
          </properties>
        </test-case>
        <test-case id="1125" name="NestedBlocks_CloseInOrderAtEndOfFile" fullname="LexerTests.NestedBlocks_CloseInOrderAtEndOfFile" methodname="NestedBlocks_CloseInOrderAtEndOfFile" classname="LexerTests" runstate="Runnable" seed="1544716899" result="Passed" start-time="2026-06-15 19:01:28Z" end-time="2026-06-15 19:01:28Z" duration="0.002807" asserts="0">
          <properties>
            <property name="retryIteration" value="0" />
            <property name="repeatIteration" value="0" />
          </properties>
        </test-case>
        <test-case id="1138" name="NotIn_TokenizesAsTwoKeywords" fullname="LexerTests.NotIn_TokenizesAsTwoKeywords" methodname="NotIn_TokenizesAsTwoKeywords" classname="LexerTests" runstate="Runnable" seed="24115925" result="Passed" start-time="2026-06-15 19:01:28Z" end-time="2026-06-15 19:01:28Z" duration="0.000949" asserts="0">
          <properties>
            <property name="retryIteration" value="0" />
            <property name="repeatIteration" value="0" />
          </properties>
        </test-case>
        <test-case id="1131" name="NumberLiteral_TokenizesIntAndFloat" fullname="LexerTests.NumberLiteral_TokenizesIntAndFloat" methodname="NumberLiteral_TokenizesIntAndFloat" classname="LexerTests" runstate="Runnable" seed="620271058" result="Passed" start-time="2026-06-15 19:01:28Z" end-time="2026-06-15 19:01:28Z" duration="0.001044" asserts="0">
          <properties>
            <property name="retryIteration" value="0" />
            <property name="repeatIteration" value="0" />
          </properties>
        </test-case>
        <test-case id="1136" name="Operators_Tokenize" fullname="LexerTests.Operators_Tokenize" methodname="Operators_Tokenize" classname="LexerTests" runstate="Runnable" seed="1858433022" result="Passed" start-time="2026-06-15 19:01:28Z" end-time="2026-06-15 19:01:28Z" duration="0.000858" asserts="0">
          <properties>
            <property name="retryIteration" value="0" />
            <property name="repeatIteration" value="0" />
          </properties>
        </test-case>
        <test-case id="1123" name="SimpleCall_TokenizesCleanly" fullname="LexerTests.SimpleCall_TokenizesCleanly" methodname="SimpleCall_TokenizesCleanly" classname="LexerTests" runstate="Runnable" seed="557751555" result="Passed" start-time="2026-06-15 19:01:28Z" end-time="2026-06-15 19:01:28Z" duration="0.001061" asserts="0">
          <properties>
            <property name="retryIteration" value="0" />
            <property name="repeatIteration" value="0" />
          </properties>
        </test-case>
        <test-case id="1133" name="StringLiteral_EscapesAreDecoded" fullname="LexerTests.StringLiteral_EscapesAreDecoded" methodname="StringLiteral_EscapesAreDecoded" classname="LexerTests" runstate="Runnable" seed="334556317" result="Passed" start-time="2026-06-15 19:01:28Z" end-time="2026-06-15 19:01:28Z" duration="0.000951" asserts="0">
          <properties>
            <property name="retryIteration" value="0" />
            <property name="repeatIteration" value="0" />
          </properties>
        </test-case>
        <test-case id="1132" name="StringLiteral_TokenizesWithEscapes" fullname="LexerTests.StringLiteral_TokenizesWithEscapes" methodname="StringLiteral_TokenizesWithEscapes" classname="LexerTests" runstate="Runnable" seed="577317299" result="Passed" start-time="2026-06-15 19:01:28Z" end-time="2026-06-15 19:01:28Z" duration="0.000768" asserts="0">
          <properties>
            <property name="retryIteration" value="0" />
            <property name="repeatIteration" value="0" />
          </properties>
        </test-case>
        <test-case id="1128" name="TabsCountAsFourSpaces" fullname="LexerTests.TabsCountAsFourSpaces" methodname="TabsCountAsFourSpaces" classname="LexerTests" runstate="Runnable" seed="810589495" result="Passed" start-time="2026-06-15 19:01:28Z" end-time="2026-06-15 19:01:28Z" duration="0.000626" asserts="0">
          <properties>
            <property name="retryIteration" value="0" />
            <property name="repeatIteration" value="0" />
          </properties>
        </test-case>
        <test-case id="1129" name="UnknownCharacter_IsReportedWithItsLine" fullname="LexerTests.UnknownCharacter_IsReportedWithItsLine" methodname="UnknownCharacter_IsReportedWithItsLine" classname="LexerTests" runstate="Runnable" seed="1620757122" result="Passed" start-time="2026-06-15 19:01:28Z" end-time="2026-06-15 19:01:28Z" duration="0.000734" asserts="0">
          <properties>
            <property name="retryIteration" value="0" />
            <property name="repeatIteration" value="0" />
          </properties>
        </test-case>
        <test-case id="1134" name="UnterminatedString_IsReported" fullname="LexerTests.UnterminatedString_IsReported" methodname="UnterminatedString_IsReported" classname="LexerTests" runstate="Runnable" seed="476408246" result="Passed" start-time="2026-06-15 19:01:28Z" end-time="2026-06-15 19:01:28Z" duration="0.000751" asserts="0">
          <properties>
            <property name="retryIteration" value="0" />
            <property name="repeatIteration" value="0" />
          </properties>
        </test-case>
      </test-suite>
      <test-suite type="TestFixture" id="1139" name="MazeGeneratorTests" fullname="MazeGeneratorTests" classname="MazeGeneratorTests" runstate="Runnable" testcasecount="3" result="Passed" start-time="2026-06-15 19:01:28Z" end-time="2026-06-15 19:01:28Z" duration="0.029886" total="3" passed="3" failed="0" inconclusive="0" skipped="0" asserts="0">
        <properties />
        <test-case id="1141" name="Generated_ArePerfectMazes_TreeStructureNoLoops" fullname="MazeGeneratorTests.Generated_ArePerfectMazes_TreeStructureNoLoops" methodname="Generated_ArePerfectMazes_TreeStructureNoLoops" classname="MazeGeneratorTests" runstate="Runnable" seed="65188026" result="Passed" start-time="2026-06-15 19:01:28Z" end-time="2026-06-15 19:01:28Z" duration="0.003713" asserts="0">
          <properties>
            <property name="retryIteration" value="0" />
            <property name="repeatIteration" value="0" />
          </properties>
        </test-case>
        <test-case id="1142" name="Generated_AreSolvableByWallFollower_WithinTheActionGuard" fullname="MazeGeneratorTests.Generated_AreSolvableByWallFollower_WithinTheActionGuard" methodname="Generated_AreSolvableByWallFollower_WithinTheActionGuard" classname="MazeGeneratorTests" runstate="Runnable" seed="1251429200" result="Passed" start-time="2026-06-15 19:01:28Z" end-time="2026-06-15 19:01:28Z" duration="0.019852" asserts="0">
          <properties>
            <property name="retryIteration" value="0" />
            <property name="repeatIteration" value="0" />
          </properties>
        </test-case>
        <test-case id="1140" name="Generated_ParseCleanly_WithExactlyOneStartAndDest" fullname="MazeGeneratorTests.Generated_ParseCleanly_WithExactlyOneStartAndDest" methodname="Generated_ParseCleanly_WithExactlyOneStartAndDest" classname="MazeGeneratorTests" runstate="Runnable" seed="2557852" result="Passed" start-time="2026-06-15 19:01:28Z" end-time="2026-06-15 19:01:28Z" duration="0.003495" asserts="0">
          <properties>
            <property name="retryIteration" value="0" />
            <property name="repeatIteration" value="0" />
          </properties>
        </test-case>
      </test-suite>
      <test-suite type="TestFixture" id="1143" name="MazeLibraryTests" fullname="MazeLibraryTests" classname="MazeLibraryTests" runstate="Runnable" testcasecount="2" result="Passed" start-time="2026-06-15 19:01:28Z" end-time="2026-06-15 19:01:28Z" duration="0.007522" total="2" passed="2" failed="0" inconclusive="0" skipped="0" asserts="0">
        <properties />
        <test-case id="1145" name="EveryAuthoredMaze_IsSolvedByTheWallFollower" fullname="MazeLibraryTests.EveryAuthoredMaze_IsSolvedByTheWallFollower" methodname="EveryAuthoredMaze_IsSolvedByTheWallFollower" classname="MazeLibraryTests" runstate="Runnable" seed="2070928007" result="Passed" start-time="2026-06-15 19:01:28Z" end-time="2026-06-15 19:01:28Z" duration="0.002220" asserts="0">
          <properties>
            <property name="retryIteration" value="0" />
            <property name="repeatIteration" value="0" />
          </properties>
        </test-case>
        <test-case id="1144" name="Library_HasAnEscalatingSeries" fullname="MazeLibraryTests.Library_HasAnEscalatingSeries" methodname="Library_HasAnEscalatingSeries" classname="MazeLibraryTests" runstate="Runnable" seed="711667272" result="Passed" start-time="2026-06-15 19:01:28Z" end-time="2026-06-15 19:01:28Z" duration="0.002952" asserts="0">
          <properties>
            <property name="retryIteration" value="0" />
            <property name="repeatIteration" value="0" />
          </properties>
        </test-case>
      </test-suite>
      <test-suite type="TestFixture" id="1146" name="ParserTests" fullname="ParserTests" classname="ParserTests" runstate="Runnable" testcasecount="34" result="Passed" start-time="2026-06-15 19:01:28Z" end-time="2026-06-15 19:01:28Z" duration="0.052599" total="34" passed="34" failed="0" inconclusive="0" skipped="0" asserts="0">
        <properties />
        <test-case id="1156" name="ActionUsedAsCondition_IsExplained" fullname="ParserTests.ActionUsedAsCondition_IsExplained" methodname="ActionUsedAsCondition_IsExplained" classname="ParserTests" runstate="Runnable" seed="2112083742" result="Passed" start-time="2026-06-15 19:01:28Z" end-time="2026-06-15 19:01:28Z" duration="0.003239" asserts="0">
          <properties>
            <property name="retryIteration" value="0" />
            <property name="repeatIteration" value="0" />
          </properties>
        </test-case>
        <test-case id="1159" name="Assignment_ParsesTargetAndValue" fullname="ParserTests.Assignment_ParsesTargetAndValue" methodname="Assignment_ParsesTargetAndValue" classname="ParserTests" runstate="Runnable" seed="639800174" result="Passed" start-time="2026-06-15 19:01:28Z" end-time="2026-06-15 19:01:28Z" duration="0.001616" asserts="0">
          <properties>
            <property name="retryIteration" value="0" />
            <property name="repeatIteration" value="0" />
          </properties>
        </test-case>
        <test-case id="1173" name="BreakContinue_Parse" fullname="ParserTests.BreakContinue_Parse" methodname="BreakContinue_Parse" classname="ParserTests" runstate="Runnable" seed="1316524175" result="Passed" start-time="2026-06-15 19:01:28Z" end-time="2026-06-15 19:01:28Z" duration="0.001868" asserts="0">
          <properties>
            <property name="retryIteration" value="0" />
            <property name="repeatIteration" value="0" />
          </properties>
        </test-case>
        <test-case id="1160" name="CallWithArgs_ParsesArgumentList" fullname="ParserTests.CallWithArgs_ParsesArgumentList" methodname="CallWithArgs_ParsesArgumentList" classname="ParserTests" runstate="Runnable" seed="621090842" result="Passed" start-time="2026-06-15 19:01:28Z" end-time="2026-06-15 19:01:28Z" duration="0.001136" asserts="0">
          <properties>
[...]
        <properties />
        <test-case id="1198" name="CorrectOrder_Validates" fullname="RepairProcedureTests.CorrectOrder_Validates" methodname="CorrectOrder_Validates" classname="RepairProcedureTests" runstate="Runnable" seed="2046685928" result="Passed" start-time="2026-06-15 19:01:28Z" end-time="2026-06-15 19:01:28Z" duration="0.002024" asserts="0">
          <properties>
            <property name="retryIteration" value="0" />
            <property name="repeatIteration" value="0" />
          </properties>
        </test-case>
        <test-case id="1197" name="Engine_And_Fuel_Procedures_Differ" fullname="RepairProcedureTests.Engine_And_Fuel_Procedures_Differ" methodname="Engine_And_Fuel_Procedures_Differ" classname="RepairProcedureTests" runstate="Runnable" seed="614310221" result="Passed" start-time="2026-06-15 19:01:28Z" end-time="2026-06-15 19:01:28Z" duration="0.001316" asserts="0">
          <properties>
            <property name="retryIteration" value="0" />
            <property name="repeatIteration" value="0" />
          </properties>
        </test-case>
        <test-case id="1199" name="FirstWrongIndex_PointsAtTheFirstMisplacedStep" fullname="RepairProcedureTests.FirstWrongIndex_PointsAtTheFirstMisplacedStep" methodname="FirstWrongIndex_PointsAtTheFirstMisplacedStep" classname="RepairProcedureTests" runstate="Runnable" seed="1946578273" result="Passed" start-time="2026-06-15 19:01:28Z" end-time="2026-06-15 19:01:28Z" duration="0.001186" asserts="0">
          <properties>
            <property name="retryIteration" value="0" />
            <property name="repeatIteration" value="0" />
          </properties>
        </test-case>
        <test-case id="1200" name="NullOrShortCandidate_IsWrong" fullname="RepairProcedureTests.NullOrShortCandidate_IsWrong" methodname="NullOrShortCandidate_IsWrong" classname="RepairProcedureTests" runstate="Runnable" seed="1632949242" result="Passed" start-time="2026-06-15 19:01:28Z" end-time="2026-06-15 19:01:28Z" duration="0.001082" asserts="0">
          <properties>
            <property name="retryIteration" value="0" />
            <property name="repeatIteration" value="0" />
          </properties>
        </test-case>
        <test-case id="1196" name="Steps_AreSixUnique_PerFault" fullname="RepairProcedureTests.Steps_AreSixUnique_PerFault" methodname="Steps_AreSixUnique_PerFault" classname="RepairProcedureTests" runstate="Runnable" seed="2117728215" result="Passed" start-time="2026-06-15 19:01:28Z" end-time="2026-06-15 19:01:28Z" duration="0.001262" asserts="0">
          <properties>
            <property name="retryIteration" value="0" />
            <property name="repeatIteration" value="0" />
          </properties>
        </test-case>
      </test-suite>
      <test-suite type="TestFixture" id="1201" name="RouteGraphProjectionTests" fullname="RouteGraphProjectionTests" classname="RouteGraphProjectionTests" runstate="Runnable" testcasecount="3" result="Passed" start-time="2026-06-15 19:01:28Z" end-time="2026-06-15 19:01:28Z" duration="0.013570" total="3" passed="3" failed="0" inconclusive="0" skipped="0" asserts="0">
        <properties />
        <test-case id="1203" name="NearestDistanceToGraph_EmptyIsFarAway" fullname="RouteGraphProjectionTests.NearestDistanceToGraph_EmptyIsFarAway" methodname="NearestDistanceToGraph_EmptyIsFarAway" classname="RouteGraphProjectionTests" runstate="Runnable" seed="225453747" result="Passed" start-time="2026-06-15 19:01:28Z" end-time="2026-06-15 19:01:28Z" duration="0.003820" asserts="0">
          <properties>
            <property name="retryIteration" value="0" />
            <property name="repeatIteration" value="0" />
          </properties>
        </test-case>
        <test-case id="1202" name="NearestDistanceToGraph_PicksClosestSegment" fullname="RouteGraphProjectionTests.NearestDistanceToGraph_PicksClosestSegment" methodname="NearestDistanceToGraph_PicksClosestSegment" classname="RouteGraphProjectionTests" runstate="Runnable" seed="2002968924" result="Passed" start-time="2026-06-15 19:01:28Z" end-time="2026-06-15 19:01:28Z" duration="0.003250" asserts="0">
          <properties>
            <property name="retryIteration" value="0" />
            <property name="repeatIteration" value="0" />
          </properties>
        </test-case>
        <test-case id="1204" name="Project_OrdersStopsAlongTrunk_WithTerminalsResolved" fullname="RouteGraphProjectionTests.Project_OrdersStopsAlongTrunk_WithTerminalsResolved" methodname="Project_OrdersStopsAlongTrunk_WithTerminalsResolved" classname="RouteGraphProjectionTests" runstate="Runnable" seed="774819526" result="Passed" start-time="2026-06-15 19:01:28Z" end-time="2026-06-15 19:01:28Z" duration="0.003576" asserts="0">
          <properties>
            <property name="retryIteration" value="0" />
            <property name="repeatIteration" value="0" />
          </properties>
        </test-case>
      </test-suite>
      <test-suite type="TestFixture" id="1205" name="RouteToGridTests" fullname="RouteToGridTests" classname="RouteToGridTests" runstate="Runnable" testcasecount="3" result="Passed" start-time="2026-06-15 19:01:28Z" end-time="2026-06-15 19:01:28Z" duration="0.012816" total="3" passed="3" failed="0" inconclusive="0" skipped="0" asserts="0">
        <properties />
        <test-case id="1208" name="DegenerateRoute_StillProducesAValidGrid" fullname="RouteToGridTests.DegenerateRoute_StillProducesAValidGrid" methodname="DegenerateRoute_StillProducesAValidGrid" classname="RouteToGridTests" runstate="Runnable" seed="881405353" result="Passed" start-time="2026-06-15 19:01:28Z" end-time="2026-06-15 19:01:28Z" duration="0.005135" asserts="0">
          <properties>
            <property name="retryIteration" value="0" />
            <property name="repeatIteration" value="0" />
          </properties>
        </test-case>
        <test-case id="1207" name="Level1_DerivedGrid_IsSolvable" fullname="RouteToGridTests.Level1_DerivedGrid_IsSolvable" methodname="Level1_DerivedGrid_IsSolvable" classname="RouteToGridTests" runstate="Runnable" seed="2139254348" result="Passed" start-time="2026-06-15 19:01:28Z" end-time="2026-06-15 19:01:28Z" duration="0.003690" asserts="0">
          <properties>
            <property name="retryIteration" value="0" />
            <property name="repeatIteration" value="0" />
          </properties>
        </test-case>
        <test-case id="1206" name="Tutorial_DerivedGrid_IsSolvable" fullname="RouteToGridTests.Tutorial_DerivedGrid_IsSolvable" methodname="Tutorial_DerivedGrid_IsSolvable" classname="RouteToGridTests" runstate="Runnable" seed="1831972760" result="Passed" start-time="2026-06-15 19:01:28Z" end-time="2026-06-15 19:01:28Z" duration="0.000681" asserts="0">
          <properties>
            <property name="retryIteration" value="0" />
            <property name="repeatIteration" value="0" />
          </properties>
        </test-case>
      </test-suite>
      <test-suite type="TestFixture" id="1209" name="ScoreCalculatorTests" fullname="ScoreCalculatorTests" classname="ScoreCalculatorTests" runstate="Runnable" testcasecount="11" result="Passed" start-time="2026-06-15 19:01:28Z" end-time="2026-06-15 19:01:28Z" duration="0.013141" total="11" passed="11" failed="0" inconclusive="0" skipped="0" asserts="0">
        <properties />
        <test-case id="1210" name="AutomationScore_AtPar_NoPenalties_Is1000" fullname="ScoreCalculatorTests.AutomationScore_AtPar_NoPenalties_Is1000" methodname="AutomationScore_AtPar_NoPenalties_Is1000" classname="ScoreCalculatorTests" runstate="Runnable" seed="496162437" result="Passed" start-time="2026-06-15 19:01:28Z" end-time="2026-06-15 19:01:28Z" duration="0.000947" asserts="0">
          <properties>
            <property name="retryIteration" value="0" />
            <property name="repeatIteration" value="0" />
          </properties>
        </test-case>
        <test-case id="1214" name="AutomationScore_CodeMode_Pays50PercentMore" fullname="ScoreCalculatorTests.AutomationScore_CodeMode_Pays50PercentMore" methodname="AutomationScore_CodeMode_Pays50PercentMore" classname="ScoreCalculatorTests" runstate="Runnable" seed="709606523" result="Passed" start-time="2026-06-15 19:01:28Z" end-time="2026-06-15 19:01:28Z" duration="0.000781" asserts="0">
          <properties>
            <property name="retryIteration" value="0" />
            <property name="repeatIteration" value="0" />
          </properties>
        </test-case>
        <test-case id="1215" name="AutomationScore_DisabledSoftTimer_NeverTimesOut" fullname="ScoreCalculatorTests.AutomationScore_DisabledSoftTimer_NeverTimesOut" methodname="AutomationScore_DisabledSoftTimer_NeverTimesOut" classname="ScoreCalculatorTests" runstate="Runnable" seed="164095585" result="Passed" start-time="2026-06-15 19:01:28Z" end-time="2026-06-15 19:01:28Z" duration="0.000604" asserts="0">
          <properties>
            <property name="retryIteration" value="0" />
            <property name="repeatIteration" value="0" />
          </properties>
        </test-case>
        <test-case id="1213" name="AutomationScore_HasAFloorOf100" fullname="ScoreCalculatorTests.AutomationScore_HasAFloorOf100" methodname="AutomationScore_HasAFloorOf100" classname="ScoreCalculatorTests" runstate="Runnable" seed="50966006" result="Passed" start-time="2026-06-15 19:01:28Z" end-time="2026-06-15 19:01:28Z" duration="0.000468" asserts="0">
          <properties>
            <property name="retryIteration" value="0" />
            <property name="repeatIteration" value="0" />
          </properties>
        </test-case>
        <test-case id="1212" name="AutomationScore_RetriesAndTimeout_AreDocked" fullname="ScoreCalculatorTests.AutomationScore_RetriesAndTimeout_AreDocked" methodname="AutomationScore_RetriesAndTimeout_AreDocked" classname="ScoreCalculatorTests" runstate="Runnable" seed="999067675" result="Passed" start-time="2026-06-15 19:01:28Z" end-time="2026-06-15 19:01:28Z" duration="0.000627" asserts="0">
          <properties>
            <property name="retryIteration" value="0" />
            <property name="repeatIteration" value="0" />
          </properties>
        </test-case>
        <test-case id="1211" name="AutomationScore_StepsOverPar_AreDocked" fullname="ScoreCalculatorTests.AutomationScore_StepsOverPar_AreDocked" methodname="AutomationScore_StepsOverPar_AreDocked" classname="ScoreCalculatorTests" runstate="Runnable" seed="1303294512" result="Passed" start-time="2026-06-15 19:01:28Z" end-time="2026-06-15 19:01:28Z" duration="0.000564" asserts="0">
          <properties>
            <property name="retryIteration" value="0" />
            <property name="repeatIteration" value="0" />
          </properties>
        </test-case>
        <test-case id="1220" name="CurrencyFor_IsScoreOverTen_FlooredAtZero" fullname="ScoreCalculatorTests.CurrencyFor_IsScoreOverTen_FlooredAtZero" methodname="CurrencyFor_IsScoreOverTen_FlooredAtZero" classname="ScoreCalculatorTests" runstate="Runnable" seed="752514184" result="Passed" start-time="2026-06-15 19:01:28Z" end-time="2026-06-15 19:01:28Z" duration="0.000683" asserts="0">
          <properties>
            <property name="retryIteration" value="0" />
            <property name="repeatIteration" value="0" />
          </properties>
        </test-case>
        <test-case id="1216" name="ManualScore_CleanSlowRun_Is1000" fullname="ScoreCalculatorTests.ManualScore_CleanSlowRun_Is1000" methodname="ManualScore_CleanSlowRun_Is1000" classname="ScoreCalculatorTests" runstate="Runnable" seed="2041107592" result="Passed" start-time="2026-06-15 19:01:28Z" end-time="2026-06-15 19:01:28Z" duration="0.001085" asserts="0">
          <properties>
            <property name="retryIteration" value="0" />
            <property name="repeatIteration" value="0" />
          </properties>
        </test-case>
        <test-case id="1218" name="ManualScore_DocksMistakes" fullname="ScoreCalculatorTests.ManualScore_DocksMistakes" methodname="ManualScore_DocksMistakes" classname="ScoreCalculatorTests" runstate="Runnable" seed="1483415928" result="Passed" start-time="2026-06-15 19:01:28Z" end-time="2026-06-15 19:01:28Z" duration="0.000716" asserts="0">
          <properties>
            <property name="retryIteration" value="0" />
            <property name="repeatIteration" value="0" />
          </properties>
        </test-case>
        <test-case id="1219" name="ManualScore_NeverGoesNegative" fullname="ScoreCalculatorTests.ManualScore_NeverGoesNegative" methodname="ManualScore_NeverGoesNegative" classname="ScoreCalculatorTests" runstate="Runnable" seed="547526937" result="Passed" start-time="2026-06-15 19:01:28Z" end-time="2026-06-15 19:01:28Z" duration="0.000488" asserts="0">
          <properties>
            <property name="retryIteration" value="0" />
            <property name="repeatIteration" value="0" />
          </properties>
        </test-case>
        <test-case id="1217" name="ManualScore_RewardsFaresSatisfactionAndSpeed" fullname="ScoreCalculatorTests.ManualScore_RewardsFaresSatisfactionAndSpeed" methodname="ManualScore_RewardsFaresSatisfactionAndSpeed" classname="ScoreCalculatorTests" runstate="Runnable" seed="1375827965" result="Passed" start-time="2026-06-15 19:01:28Z" end-time="2026-06-15 19:01:28Z" duration="0.000539" asserts="0">
          <properties>
            <property name="retryIteration" value="0" />
            <property name="repeatIteration" value="0" />
          </properties>
        </test-case>
      </test-suite>
      <test-suite type="TestFixture" id="1221" name="SelfDriveAgentTests" fullname="SelfDriveAgentTests" classname="SelfDriveAgentTests" runstate="Runnable" testcasecount="3" result="Passed" start-time="2026-06-15 19:01:28Z" end-time="2026-06-15 19:01:28Z" duration="0.062899" total="3" passed="3" failed="0" inconclusive="0" skipped="0" asserts="0">
        <properties />
        <test-case id="1222" name="EverySeed_DeliversEveryRider_CollectsFares_AndReachesDestination" fullname="SelfDriveAgentTests.EverySeed_DeliversEveryRider_CollectsFares_AndReachesDestination" methodname="EverySeed_DeliversEveryRider_CollectsFares_AndReachesDestination" classname="SelfDriveAgentTests" runstate="Runnable" seed="1741791434" result="Passed" start-time="2026-06-15 19:01:28Z" end-time="2026-06-15 19:01:28Z" duration="0.045733" asserts="0">
          <properties>
            <property name="retryIteration" value="0" />
            <property name="repeatIteration" value="0" />
          </properties>
        </test-case>
        <test-case id="1223" name="ParSteps_EqualTheAutopilotPlanLength" fullname="SelfDriveAgentTests.ParSteps_EqualTheAutopilotPlanLength" methodname="ParSteps_EqualTheAutopilotPlanLength" classname="SelfDriveAgentTests" runstate="Runnable" seed="1097486256" result="Passed" start-time="2026-06-15 19:01:28Z" end-time="2026-06-15 19:01:28Z" duration="0.013472" asserts="0">
          <properties>
            <property name="retryIteration" value="0" />
            <property name="repeatIteration" value="0" />
          </properties>
        </test-case>
        <test-case id="1224" name="ReferenceSolution_Compiles" fullname="SelfDriveAgentTests.ReferenceSolution_Compiles" methodname="ReferenceSolution_Compiles" classname="SelfDriveAgentTests" runstate="Runnable" seed="212114408" result="Passed" start-time="2026-06-15 19:01:28Z" end-time="2026-06-15 19:01:28Z" duration="0.000985" asserts="0">
          <properties>
            <property name="retryIteration" value="0" />
            <property name="repeatIteration" value="0" />
          </properties>
        </test-case>
      </test-suite>
      <test-suite type="TestFixture" id="1225" name="TownLayoutGeneratorTests" fullname="TownLayoutGeneratorTests" classname="TownLayoutGeneratorTests" runstate="Runnable" testcasecount="6" result="Passed" start-time="2026-06-15 19:01:28Z" end-time="2026-06-15 19:01:28Z" duration="0.077291" total="6" passed="6" failed="0" inconclusive="0" skipped="0" asserts="0">
        <properties />
        <test-case id="1228" name="Anchors_AreImmovableAcrossSeeds" fullname="TownLayoutGeneratorTests.Anchors_AreImmovableAcrossSeeds" methodname="Anchors_AreImmovableAcrossSeeds" classname="TownLayoutGeneratorTests" runstate="Runnable" seed="400356343" result="Passed" start-time="2026-06-15 19:01:28Z" end-time="2026-06-15 19:01:28Z" duration="0.013666" asserts="0">
          <properties>
            <property name="retryIteration" value="0" />
            <property name="repeatIteration" value="0" />
          </properties>
        </test-case>
        <test-case id="1230" name="BranchCount_StaysWithinBounds" fullname="TownLayoutGeneratorTests.BranchCount_StaysWithinBounds" methodname="BranchCount_StaysWithinBounds" classname="TownLayoutGeneratorTests" runstate="Runnable" seed="1855274405" result="Passed" start-time="2026-06-15 19:01:28Z" end-time="2026-06-15 19:01:28Z" duration="0.010076" asserts="0">
          <properties>
            <property name="retryIteration" value="0" />
            <property name="repeatIteration" value="0" />
          </properties>
        </test-case>
        <test-case id="1229" name="DeadEnds_AreOnlyTerminalsOrStops" fullname="TownLayoutGeneratorTests.DeadEnds_AreOnlyTerminalsOrStops" methodname="DeadEnds_AreOnlyTerminalsOrStops" classname="TownLayoutGeneratorTests" runstate="Runnable" seed="1673866104" result="Passed" start-time="2026-06-15 19:01:28Z" end-time="2026-06-15 19:01:28Z" duration="0.014730" asserts="0">
          <properties>
            <property name="retryIteration" value="0" />
            <property name="repeatIteration" value="0" />
          </properties>
        </test-case>
        <test-case id="1227" name="Deterministic_SameSeedSameTown" fullname="TownLayoutGeneratorTests.Deterministic_SameSeedSameTown" methodname="Deterministic_SameSeedSameTown" classname="TownLayoutGeneratorTests" runstate="Runnable" seed="408186708" result="Passed" start-time="2026-06-15 19:01:28Z" end-time="2026-06-15 19:01:28Z" duration="0.007687" asserts="0">
          <properties>
            <property name="retryIteration" value="0" />
            <property name="repeatIteration" value="0" />
          </properties>
        </test-case>
        <test-case id="1226" name="EverySeed_ProducesASolvableTown" fullname="TownLayoutGeneratorTests.EverySeed_ProducesASolvableTown" methodname="EverySeed_ProducesASolvableTown" classname="TownLayoutGeneratorTests" runstate="Runnable" seed="1324159890" result="Passed" start-time="2026-06-15 19:01:28Z" end-time="2026-06-15 19:01:28Z" duration="0.013485" asserts="0">
          <properties>
            <property name="retryIteration" value="0" />
            <property name="repeatIteration" value="0" />
          </properties>
        </test-case>
        <test-case id="1231" name="Requests_BoardEarly_AlightLater_WithMatchingFare" fullname="TownLayoutGeneratorTests.Requests_BoardEarly_AlightLater_WithMatchingFare" methodname="Requests_BoardEarly_AlightLater_WithMatchingFare" classname="TownLayoutGeneratorTests" runstate="Runnable" seed="570599811" result="Passed" start-time="2026-06-15 19:01:28Z" end-time="2026-06-15 19:01:28Z" duration="0.013295" asserts="0">
          <properties>
            <property name="retryIteration" value="0" />
            <property name="repeatIteration" value="0" />
          </properties>
          <output><![CDATA[Saving results to: C:/Users/Mist/AppData/LocalLow/DefaultCompany/Lugarithm\TestResults.xml
]]></output>
        </test-case>
      </test-suite>
    </test-suite>
  </test-suite>
</test-run>