<?xml version="1.0" encoding="utf-8"?>
<test-run id="2" testcasecount="206" result="Passed" total="206" passed="206" failed="0" inconclusive="0" skipped="0" asserts="0" engine-version="3.5.0.0" clr-version="4.0.30319.42000" start-time="2026-06-15 19:13:58Z" end-time="2026-06-15 19:13:59Z" duration="0.9039748">
  <test-suite type="TestSuite" id="1000" name="Lugarithm" fullname="Lugarithm" runstate="Runnable" testcasecount="206" result="Passed" start-time="2026-06-15 19:13:58Z" end-time="2026-06-15 19:13:59Z" duration="0.903975" total="206" passed="206" failed="0" inconclusive="0" skipped="0" asserts="0">
    <properties>
      <property name="platform" value="EditMode" />
    </properties>
    <test-suite type="Assembly" id="1232" name="Lugarithm.EditModeTests.dll" fullname="C:/Users/Mist/Lugarithm/Library/ScriptAssemblies/Lugarithm.EditModeTests.dll" runstate="Runnable" testcasecount="206" result="Passed" start-time="2026-06-15 19:13:58Z" end-time="2026-06-15 19:13:59Z" duration="0.879295" total="206" passed="206" failed="0" inconclusive="0" skipped="0" asserts="0">
      <properties>
        <property name="_PID" value="39292" />
        <property name="_APPDOMAIN" value="Unity Child Domain" />
        <property name="platform" value="EditMode" />
        <property name="EditorOnly" value="True" />
      </properties>
      <test-suite type="TestFixture" id="1001" name="AgentSimRideTests" fullname="AgentSimRideTests" classname="AgentSimRideTests" runstate="Runnable" testcasecount="3" result="Passed" start-time="2026-06-15 19:13:58Z" end-time="2026-06-15 19:13:58Z" duration="0.110377" total="3" passed="3" failed="0" inconclusive="0" skipped="0" asserts="0">
        <properties />
        <test-case id="1003" name="DriveToDestination_PlansAPath_DrainedToReachD" fullname="AgentSimRideTests.DriveToDestination_PlansAPath_DrainedToReachD" methodname="DriveToDestination_PlansAPath_DrainedToReachD" classname="AgentSimRideTests" runstate="Runnable" seed="1329452082" result="Passed" start-time="2026-06-15 19:13:58Z" end-time="2026-06-15 19:13:58Z" duration="0.058379" asserts="0">
          <properties>
            <property name="retryIteration" value="0" />
            <property name="repeatIteration" value="0" />
          </properties>
        </test-case>
        <test-case id="1004" name="DriveToNextStop_HeadsToTheNearestPickup" fullname="AgentSimRideTests.DriveToNextStop_HeadsToTheNearestPickup" methodname="DriveToNextStop_HeadsToTheNearestPickup" classname="AgentSimRideTests" runstate="Runnable" seed="1539633548" result="Passed" start-time="2026-06-15 19:13:58Z" end-time="2026-06-15 19:13:58Z" duration="0.003168" asserts="0">
          <properties>
            <property name="retryIteration" value="0" />
            <property name="repeatIteration" value="0" />
          </properties>
        </test-case>
        <test-case id="1002" name="RideMode_BoardsAtOrigin_PaysFare_AndAlightsAtItsOwnStop" fullname="AgentSimRideTests.RideMode_BoardsAtOrigin_PaysFare_AndAlightsAtItsOwnStop" methodname="RideMode_BoardsAtOrigin_PaysFare_AndAlightsAtItsOwnStop" classname="AgentSimRideTests" runstate="Runnable" seed="1029530383" result="Passed" start-time="2026-06-15 19:13:58Z" end-time="2026-06-15 19:13:58Z" duration="0.009109" asserts="0">
          <properties>
            <property name="retryIteration" value="0" />
            <property name="repeatIteration" value="0" />
          </properties>
        </test-case>
      </test-suite>
      <test-suite type="TestFixture" id="1005" name="AgentSimTests" fullname="AgentSimTests" classname="AgentSimTests" runstate="Runnable" testcasecount="9" result="Passed" start-time="2026-06-15 19:13:58Z" end-time="2026-06-15 19:13:58Z" duration="0.018453" total="9" passed="9" failed="0" inconclusive="0" skipped="0" asserts="0">
        <properties />
        <test-case id="1010" name="CollectFare_ChargesBaseFarePerBoardedPassenger" fullname="AgentSimTests.CollectFare_ChargesBaseFarePerBoardedPassenger" methodname="CollectFare_ChargesBaseFarePerBoardedPassenger" classname="AgentSimTests" runstate="Runnable" seed="883447449" result="Passed" start-time="2026-06-15 19:13:58Z" end-time="2026-06-15 19:13:58Z" duration="0.004869" asserts="0">
          <properties>
            <property name="retryIteration" value="0" />
            <property name="repeatIteration" value="0" />
          </properties>
        </test-case>
        <test-case id="1011" name="DropOff_OnlyDeliversAtTheDestination" fullname="AgentSimTests.DropOff_OnlyDeliversAtTheDestination" methodname="DropOff_OnlyDeliversAtTheDestination" classname="AgentSimTests" runstate="Runnable" seed="2023459429" result="Passed" start-time="2026-06-15 19:13:58Z" end-time="2026-06-15 19:13:58Z" duration="0.001093" asserts="0">
          <properties>
            <property name="retryIteration" value="0" />
            <property name="repeatIteration" value="0" />
          </properties>
        </test-case>
        <test-case id="1014" name="IsWin_RequiresDeliveryWhenThePuzzleSaysSo" fullname="AgentSimTests.IsWin_RequiresDeliveryWhenThePuzzleSaysSo" methodname="IsWin_RequiresDeliveryWhenThePuzzleSaysSo" classname="AgentSimTests" runstate="Runnable" seed="941327626" result="Passed" start-time="2026-06-15 19:13:58Z" end-time="2026-06-15 19:13:58Z" duration="0.001504" asserts="0">
          <properties>
            <property name="retryIteration" value="0" />
            <property name="repeatIteration" value="0" />
          </properties>
        </test-case>
        <test-case id="1006" name="MoveForward_AdvancesOneCell" fullname="AgentSimTests.MoveForward_AdvancesOneCell" methodname="MoveForward_AdvancesOneCell" classname="AgentSimTests" runstate="Runnable" seed="1213435454" result="Passed" start-time="2026-06-15 19:13:58Z" end-time="2026-06-15 19:13:58Z" duration="0.000986" asserts="0">
          <properties>
            <property name="retryIteration" value="0" />
            <property name="repeatIteration" value="0" />
          </properties>
        </test-case>
        <test-case id="1007" name="MoveForward_IntoAWall_IsABlockedNoOp_NotAnError" fullname="AgentSimTests.MoveForward_IntoAWall_IsABlockedNoOp_NotAnError" methodname="MoveForward_IntoAWall_IsABlockedNoOp_NotAnError" classname="AgentSimTests" runstate="Runnable" seed="1343657696" result="Passed" start-time="2026-06-15 19:13:58Z" end-time="2026-06-15 19:13:58Z" duration="0.000880" asserts="0">
          <properties>
            <property name="retryIteration" value="0" />
            <property name="repeatIteration" value="0" />
          </properties>
        </test-case>
        <test-case id="1009" name="PickUp_OnAStop_BoardsThePassenger_OnceOnly" fullname="AgentSimTests.PickUp_OnAStop_BoardsThePassenger_OnceOnly" methodname="PickUp_OnAStop_BoardsThePassenger_OnceOnly" classname="AgentSimTests" runstate="Runnable" seed="497211087" result="Passed" start-time="2026-06-15 19:13:58Z" end-time="2026-06-15 19:13:58Z" duration="0.000766" asserts="0">
          <properties>
            <property name="retryIteration" value="0" />
            <property name="repeatIteration" value="0" />
          </properties>
        </test-case>
        <test-case id="1012" name="Queries_DescribeTheSurroundings" fullname="AgentSimTests.Queries_DescribeTheSurroundings" methodname="Queries_DescribeTheSurroundings" classname="AgentSimTests" runstate="Runnable" seed="1598465763" result="Passed" start-time="2026-06-15 19:13:58Z" end-time="2026-06-15 19:13:58Z" duration="0.000583" asserts="0">
          <properties>
            <property name="retryIteration" value="0" />
            <property name="repeatIteration" value="0" />
          </properties>
        </test-case>
        <test-case id="1013" name="Reset_RestoresTheWholeWorld" fullname="AgentSimTests.Reset_RestoresTheWholeWorld" methodname="Reset_RestoresTheWholeWorld" classname="AgentSimTests" runstate="Runnable" seed="1977096331" result="Passed" start-time="2026-06-15 19:13:58Z" end-time="2026-06-15 19:13:58Z" duration="0.000899" asserts="0">
          <properties>
            <property name="retryIteration" value="0" />
            <property name="repeatIteration" value="0" />
          </properties>
        </test-case>
        <test-case id="1008" name="Turns_CycleAllFourFacings" fullname="AgentSimTests.Turns_CycleAllFourFacings" methodname="Turns_CycleAllFourFacings" classname="AgentSimTests" runstate="Runnable" seed="1869700641" result="Passed" start-time="2026-06-15 19:13:58Z" end-time="2026-06-15 19:13:58Z" duration="0.000607" asserts="0">
          <properties>
            <property name="retryIteration" value="0" />
            <property name="repeatIteration" value="0" />
          </properties>
        </test-case>
      </test-suite>
      <test-suite type="TestFixture" id="1015" name="BlockModelTests" fullname="BlockModelTests" classname="BlockModelTests" runstate="Runnable" testcasecount="8" result="Passed" start-time="2026-06-15 19:13:58Z" end-time="2026-06-15 19:13:58Z" duration="0.053704" total="8" passed="8" failed="0" inconclusive="0" skipped="0" asserts="0">
        <properties />
        <test-case id="1018" name="BlockProgram_RunsIdenticallyToParsedText" fullname="BlockModelTests.BlockProgram_RunsIdenticallyToParsedText" methodname="BlockProgram_RunsIdenticallyToParsedText" classname="BlockModelTests" runstate="Runnable" seed="1389762065" result="Passed" start-time="2026-06-15 19:13:58Z" end-time="2026-06-15 19:13:58Z" duration="0.038791" asserts="0">
          <properties>
            <property name="retryIteration" value="0" />
            <property name="repeatIteration" value="0" />
          </properties>
        </test-case>
        <test-case id="1017" name="BlockTree_PrintsAsCanonicalText" fullname="BlockModelTests.BlockTree_PrintsAsCanonicalText" methodname="BlockTree_PrintsAsCanonicalText" classname="BlockModelTests" runstate="Runnable" seed="1077012756" result="Passed" start-time="2026-06-15 19:13:58Z" end-time="2026-06-15 19:13:58Z" duration="0.001336" asserts="0">
          <properties>
            <property name="retryIteration" value="0" />
            <property name="repeatIteration" value="0" />
          </properties>
        </test-case>
        <test-case id="1019" name="EmptyContainer_IsReportedWithTheOffendingBlock" fullname="BlockModelTests.EmptyContainer_IsReportedWithTheOffendingBlock" methodname="EmptyContainer_IsReportedWithTheOffendingBlock" classname="BlockModelTests" runstate="Runnable" seed="646683536" result="Passed" start-time="2026-06-15 19:13:58Z" end-time="2026-06-15 19:13:58Z" duration="0.002405" asserts="0">
          <properties>
            <property name="retryIteration" value="0" />
            <property name="repeatIteration" value="0" />
          </properties>
        </test-case>
        <test-case id="1020" name="EmptyElseBranch_IsReportedSeparately" fullname="BlockModelTests.EmptyElseBranch_IsReportedSeparately" methodname="EmptyElseBranch_IsReportedSeparately" classname="BlockModelTests" runstate="Runnable" seed="1178209546" result="Passed" start-time="2026-06-15 19:13:58Z" end-time="2026-06-15 19:13:58Z" duration="0.001172" asserts="0">
          <properties>
            <property name="retryIteration" value="0" />
            <property name="repeatIteration" value="0" />
          </properties>
        </test-case>
        <test-case id="1023" name="Labels_ReadLikeTheLanguage" fullname="BlockModelTests.Labels_ReadLikeTheLanguage" methodname="Labels_ReadLikeTheLanguage" classname="BlockModelTests" runstate="Runnable" seed="90211641" result="Passed" start-time="2026-06-15 19:13:58Z" end-time="2026-06-15 19:13:58Z" duration="0.000798" asserts="0">
          <properties>
            <property name="retryIteration" value="0" />
            <property name="repeatIteration" value="0" />
          </properties>
        </test-case>
        <test-case id="1016" name="LinearBlocks_CompileToCallsInOrder" fullname="BlockModelTests.LinearBlocks_CompileToCallsInOrder" methodname="LinearBlocks_CompileToCallsInOrder" classname="BlockModelTests" runstate="Runnable" seed="398558003" result="Passed" start-time="2026-06-15 19:13:58Z" end-time="2026-06-15 19:13:58Z" duration="0.001287" asserts="0">
          <properties>
            <property name="retryIteration" value="0" />
            <property name="repeatIteration" value="0" />
          </properties>
        </test-case>
        <test-case id="1022" name="PaletteNames_MapToAllBlockTypes" fullname="BlockModelTests.PaletteNames_MapToAllBlockTypes" methodname="PaletteNames_MapToAllBlockTypes" classname="BlockModelTests" runstate="Runnable" seed="866288685" result="Passed" start-time="2026-06-15 19:13:58Z" end-time="2026-06-15 19:13:58Z" duration="0.001538" asserts="0">
          <properties>
            <property name="retryIteration" value="0" />
            <property name="repeatIteration" value="0" />
          </properties>
        </test-case>
        <test-case id="1021" name="SourceRefs_PointBackAtTheirBlocks" fullname="BlockModelTests.SourceRefs_PointBackAtTheirBlocks" methodname="SourceRefs_PointBackAtTheirBlocks" classname="BlockModelTests" runstate="Runnable" seed="445454751" result="Passed" start-time="2026-06-15 19:13:58Z" end-time="2026-06-15 19:13:58Z" duration="0.001174" asserts="0">
          <properties>
            <property name="retryIteration" value="0" />
            <property name="repeatIteration" value="0" />
          </properties>
        </test-case>
      </test-suite>
      <test-suite type="TestFixture" id="1024" name="CrateStackTests" fullname="CrateStackTests" classname="CrateStackTests" runstate="Runnable" testcasecount="4" result="Passed" start-time="2026-06-15 19:13:58Z" end-time="2026-06-15 19:13:58Z" duration="0.016102" total="4" passed="4" failed="0" inconclusive="0" skipped="0" asserts="0">
        <properties />
        <test-case id="1027" name="Move_SwapsNeighbours_AndRejectsOffEnds" fullname="CrateStackTests.Move_SwapsNeighbours_AndRejectsOffEnds" methodname="Move_SwapsNeighbours_AndRejectsOffEnds" classname="CrateStackTests" runstate="Runnable" seed="662630810" result="Passed" start-time="2026-06-15 19:13:58Z" end-time="2026-06-15 19:13:58Z" duration="0.003166" asserts="0">
          <properties>
            <property name="retryIteration" value="0" />
            <property name="repeatIteration" value="0" />
          </properties>
        </test-case>
        <test-case id="1025" name="NewPuzzle_StartsUnsorted" fullname="CrateStackTests.NewPuzzle_StartsUnsorted" methodname="NewPuzzle_StartsUnsorted" classname="CrateStackTests" runstate="Runnable" seed="1842816236" result="Passed" start-time="2026-06-15 19:13:58Z" end-time="2026-06-15 19:13:58Z" duration="0.001920" asserts="0">
          <properties>
            <property name="retryIteration" value="0" />
            <property name="repeatIteration" value="0" />
          </properties>
        </test-case>
        <test-case id="1028" name="SingleCrate_IsTriviallySolved" fullname="CrateStackTests.SingleCrate_IsTriviallySolved" methodname="SingleCrate_IsTriviallySolved" classname="CrateStackTests" runstate="Runnable" seed="972717754" result="Passed" start-time="2026-06-15 19:13:58Z" end-time="2026-06-15 19:13:58Z" duration="0.000639" asserts="0">
          <properties>
            <property name="retryIteration" value="0" />
            <property name="repeatIteration" value="0" />
          </properties>
        </test-case>
        <test-case id="1026" name="SortingHeaviestToBottom_Solves" fullname="CrateStackTests.SortingHeaviestToBottom_Solves" methodname="SortingHeaviestToBottom_Solves" classname="CrateStackTests" runstate="Runnable" seed="1766014673" result="Passed" start-time="2026-06-15 19:13:58Z" end-time="2026-06-15 19:13:58Z" duration="0.006793" asserts="0">
          <properties>
            <property name="retryIteration" value="0" />
            <property name="repeatIteration" value="0" />
          </properties>
        </test-case>
      </test-suite>
      <test-suite type="TestFixture" id="1029" name="DialogueLibraryTests" fullname="DialogueLibraryTests" classname="DialogueLibraryTests" runstate="Runnable" testcasecount="4" result="Passed" start-time="2026-06-15 19:13:58Z" end-time="2026-06-15 19:13:58Z" duration="0.039567" total="4" passed="4" failed="0" inconclusive="0" skipped="0" asserts="0">
        <properties />
        <test-case id="1031" name="EachLevel_HasPassengerHeritageAndJournalPage" fullname="DialogueLibraryTests.EachLevel_HasPassengerHeritageAndJournalPage" methodname="EachLevel_HasPassengerHeritageAndJournalPage" classname="DialogueLibraryTests" runstate="Runnable" seed="909065193" result="Passed" start-time="2026-06-15 19:13:58Z" end-time="2026-06-15 19:13:58Z" duration="0.023947" asserts="0">
          <properties>
            <property name="retryIteration" value="0" />
            <property name="repeatIteration" value="0" />
          </properties>
        </test-case>
        <test-case id="1030" name="EveryConversation_Validates" fullname="DialogueLibraryTests.EveryConversation_Validates" methodname="EveryConversation_Validates" classname="DialogueLibraryTests" runstate="Runnable" seed="1991132466" result="Passed" start-time="2026-06-15 19:13:58Z" end-time="2026-06-15 19:13:58Z" duration="0.003999" asserts="0">
          <properties>
            <property name="retryIteration" value="0" />
            <property name="repeatIteration" value="0" />
          </properties>
        </test-case>
        <test-case id="1033" name="EveryLevelRevealLines_AreRevealAndNonEmpty" fullname="DialogueLibraryTests.EveryLevelRevealLines_AreRevealAndNonEmpty" methodname="EveryLevelRevealLines_AreRevealAndNonEmpty" classname="DialogueLibraryTests" runstate="Runnable" seed="848889653" result="Passed" start-time="2026-06-15 19:13:58Z" end-time="2026-06-15 19:13:58Z" duration="0.001369" asserts="0">
          <properties>
            <property name="retryIteration" value="0" />
            <property name="repeatIteration" value="0" />
          </properties>
        </test-case>
        <test-case id="1032" name="SpoilerGate_NoEarlyTownMentioned" fullname="DialogueLibraryTests.SpoilerGate_NoEarlyTownMentioned" methodname="SpoilerGate_NoEarlyTownMentioned" classname="DialogueLibraryTests" runstate="Runnable" seed="448572405" result="Passed" start-time="2026-06-15 19:13:58Z" end-time="2026-06-15 19:13:58Z" duration="0.007266" asserts="0">
          <properties>
            <property name="retryIteration" value="0" />
            <property name="repeatIteration" value="0" />
          </properties>
        </test-case>
      </test-suite>
      <test-suite type="TestFixture" id="1034" name="DialogueRuntimeTests" fullname="DialogueRuntimeTests" classname="DialogueRuntimeTests" runstate="Runnable" testcasecount="5" result="Passed" start-time="2026-06-15 19:13:58Z" end-time="2026-06-15 19:13:58Z" duration="0.016757" total="5" passed="5" failed="0" inconclusive="0" skipped="0" asserts="0">
        <properties />
        <test-case id="1038" name="AffinityAccumulates_OnHeartLinesOnly" fullname="DialogueRuntimeTests.AffinityAccumulates_OnHeartLinesOnly" methodname="AffinityAccumulates_OnHeartLinesOnly" classname="DialogueRuntimeTests" runstate="Runnable" seed="1743174450" result="Passed" start-time="2026-06-15 19:13:58Z" end-time="2026-06-15 19:13:58Z" duration="0.004005" asserts="0">
          <properties>
            <property name="retryIteration" value="0" />
            <property name="repeatIteration" value="0" />
          </properties>
        </test-case>
        <test-case id="1035" name="BoardingToHubToTopic_ReturnsToHub" fullname="DialogueRuntimeTests.BoardingToHubToTopic_ReturnsToHub" methodname="BoardingToHubToTopic_ReturnsToHub" classname="DialogueRuntimeTests" runstate="Runnable" seed="1405067248" result="Passed" start-time="2026-06-15 19:13:58Z" end-time="2026-06-15 19:13:58Z" duration="0.002413" asserts="0">
          <properties>
            <property name="retryIteration" value="0" />
            <property name="repeatIteration" value="0" />
          </properties>
        </test-case>
        <test-case id="1039" name="NormalDrive_NeverSurfacesRevealLine" fullname="DialogueRuntimeTests.NormalDrive_NeverSurfacesRevealLine" methodname="NormalDrive_NeverSurfacesRevealLine" classname="DialogueRuntimeTests" runstate="Runnable" seed="1010353383" result="Passed" start-time="2026-06-15 19:13:58Z" end-time="2026-06-15 19:13:58Z" duration="0.002618" asserts="0">
          <properties>
            <property name="retryIteration" value="0" />
            <property name="repeatIteration" value="0" />
          </properties>
        </test-case>
        <test-case id="1036" name="OnceTopic_DisappearsAfterHeard" fullname="DialogueRuntimeTests.OnceTopic_DisappearsAfterHeard" methodname="OnceTopic_DisappearsAfterHeard" classname="DialogueRuntimeTests" runstate="Runnable" seed="124475318" result="Passed" start-time="2026-06-15 19:13:58Z" end-time="2026-06-15 19:13:58Z" duration="0.001194" asserts="0">
          <properties>
            <property name="retryIteration" value="0" />
            <property name="repeatIteration" value="0" />
          </properties>
        </test-case>
        <test-case id="1037" name="TutorialAdvance_BlockedUntilDrivingAndFareHeard" fullname="DialogueRuntimeTests.TutorialAdvance_BlockedUntilDrivingAndFareHeard" methodname="TutorialAdvance_BlockedUntilDrivingAndFareHeard" classname="DialogueRuntimeTests" runstate="Runnable" seed="1566138750" result="Passed" start-time="2026-06-15 19:13:58Z" end-time="2026-06-15 19:13:58Z" duration="0.002991" asserts="0">
          <properties>
            <property name="retryIteration" value="0" />
            <property name="repeatIteration" value="0" />
          </properties>
        </test-case>
      </test-suite>
      <test-suite type="TestFixture" id="1040" name="DulogModelTests" fullname="DulogModelTests" classname="DulogModelTests" runstate="Runnable" testcasecount="3" result="Passed" start-time="2026-06-15 19:13:58Z" end-time="2026-06-15 19:13:58Z" duration="0.010066" total="3" passed="3" failed="0" inconclusive="0" skipped="0" asserts="0">
        <properties />
        <test-case id="1042" name="Approach01_IsMonotonicAsTheJeepneyCloses" fullname="DulogModelTests.Approach01_IsMonotonicAsTheJeepneyCloses" methodname="Approach01_IsMonotonicAsTheJeepneyCloses" classname="DulogModelTests" runstate="Runnable" seed="1206179580" result="Passed" start-time="2026-06-15 19:13:58Z" end-time="2026-06-15 19:13:58Z" duration="0.004004" asserts="0">
          <properties>
            <property name="retryIteration" value="0" />
            <property name="repeatIteration" value="0" />
          </properties>
        </test-case>
        <test-case id="1041" name="Approach01_RampsFromZeroFarToOneInRange" fullname="DulogModelTests.Approach01_RampsFromZeroFarToOneInRange" methodname="Approach01_RampsFromZeroFarToOneInRange" classname="DulogModelTests" runstate="Runnable" seed="2100331525" result="Passed" start-time="2026-06-15 19:13:58Z" end-time="2026-06-15 19:13:58Z" duration="0.002599" asserts="0">
          <properties>
            <property name="retryIteration" value="0" />
            <property name="repeatIteration" value="0" />
          </properties>
        </test-case>
        <test-case id="1043" name="State_TransitionsOnboardThenApproachingThenInRange" fullname="DulogModelTests.State_TransitionsOnboardThenApproachingThenInRange" methodname="State_TransitionsOnboardThenApproachingThenInRange" classname="DulogModelTests" runstate="Runnable" seed="982264858" result="Passed" start-time="2026-06-15 19:13:58Z" end-time="2026-06-15 19:13:58Z" duration="0.000747" asserts="0">
          <properties>
            <property name="retryIteration" value="0" />
            <property name="repeatIteration" value="0" />
          </properties>
        </test-case>
      </test-suite>
      <test-suite type="TestFixture" id="1044" name="FareMathTests" fullname="FareMathTests" classname="FareMathTests" runstate="Runnable" testcasecount="9" result="Passed" start-time="2026-06-15 19:13:58Z" end-time="2026-06-15 19:13:58Z" duration="0.030932" total="9" passed="9" failed="0" inconclusive="0" skipped="0" asserts="0">
        <properties />
        <test-case id="1050" name="ChangeFor_BasicAndClamped" fullname="FareMathTests.ChangeFor_BasicAndClamped" methodname="ChangeFor_BasicAndClamped" classname="FareMathTests" runstate="Runnable" seed="179388759" result="Passed" start-time="2026-06-15 19:13:58Z" end-time="2026-06-15 19:13:58Z" duration="0.000641" asserts="0">
          <properties>
            <property name="retryIteration" value="0" />
            <property name="repeatIteration" value="0" />
          </properties>
        </test-case>
        <test-case id="1046" name="ComputeFare_ExtraStops_AddIncrement" fullname="FareMathTests.ComputeFare_ExtraStops_AddIncrement" methodname="ComputeFare_ExtraStops_AddIncrement" classname="FareMathTests" runstate="Runnable" seed="1926069175" result="Passed" start-time="2026-06-15 19:13:58Z" end-time="2026-06-15 19:13:58Z" duration="0.000673" asserts="0">
          <properties>
            <property name="retryIteration" value="0" />
            <property name="repeatIteration" value="0" />
          </properties>
        </test-case>
        <test-case id="1045" name="ComputeFare_FirstStop_IsBaseFare" fullname="FareMathTests.ComputeFare_FirstStop_IsBaseFare" methodname="ComputeFare_FirstStop_IsBaseFare" classname="FareMathTests" runstate="Runnable" seed="1852421729" result="Passed" start-time="2026-06-15 19:13:58Z" end-time="2026-06-15 19:13:58Z" duration="0.000625" asserts="0">
          <properties>
            <property name="retryIteration" value="0" />
            <property name="repeatIteration" value="0" />
          </properties>
        </test-case>
        <test-case id="1047" name="ComputeFare_ZeroOrNegativeStops_ClampsToBase" fullname="FareMathTests.ComputeFare_ZeroOrNegativeStops_ClampsToBase" methodname="ComputeFare_ZeroOrNegativeStops_ClampsToBase" classname="FareMathTests" runstate="Runnable" seed="1084828831" result="Passed" start-time="2026-06-15 19:13:58Z" end-time="2026-06-15 19:13:58Z" duration="0.000925" asserts="0">
          <properties>
            <property name="retryIteration" value="0" />
            <property name="repeatIteration" value="0" />
          </properties>
        </test-case>
        <test-case id="1048" name="GenerateTender_IsAlwaysAtLeastTheFare" fullname="FareMathTests.GenerateTender_IsAlwaysAtLeastTheFare" methodname="GenerateTender_IsAlwaysAtLeastTheFare" classname="FareMathTests" runstate="Runnable" seed="891681776" result="Passed" start-time="2026-06-15 19:13:58Z" end-time="2026-06-15 19:13:58Z" duration="0.009328" asserts="0">
          <properties>
            <property name="retryIteration" value="0" />
            <property name="repeatIteration" value="0" />
          </properties>
        </test-case>
        <test-case id="1049" name="GenerateTender_ProducesExactAndBigBills" fullname="FareMathTests.GenerateTender_ProducesExactAndBigBills" methodname="GenerateTender_ProducesExactAndBigBills" classname="FareMathTests" runstate="Runnable" seed="1334426465" result="Passed" start-time="2026-06-15 19:13:58Z" end-time="2026-06-15 19:13:58Z" duration="0.006274" asserts="0">
          <properties>
            <property name="retryIteration" value="0" />
            <property name="repeatIteration" value="0" />
          </properties>
        </test-case>
        <test-case id="1052" name="MakeChange_AlwaysSumsToAmount" fullname="FareMathTests.MakeChange_AlwaysSumsToAmount" methodname="MakeChange_AlwaysSumsToAmount" classname="FareMathTests" runstate="Runnable" seed="1573630882" result="Passed" start-time="2026-06-15 19:13:58Z" end-time="2026-06-15 19:13:58Z" duration="0.002236" asserts="0">
          <properties>
            <property name="retryIteration" value="0" />
            <property name="repeatIteration" value="0" />
          </properties>
        </test-case>
        <test-case id="1051" name="MakeChange_UsesFewestPieces" fullname="FareMathTests.MakeChange_UsesFewestPieces" methodname="MakeChange_UsesFewestPieces" classname="FareMathTests" runstate="Runnable" seed="790477499" result="Passed" start-time="2026-06-15 19:13:58Z" end-time="2026-06-15 19:13:58Z" duration="0.002103" asserts="0">
          <properties>
            <property name="retryIteration" value="0" />
            <property name="repeatIteration" value="0" />
          </properties>
        </test-case>
        <test-case id="1053" name="ValidateChange_AcceptsAnyCombinationWithTheRightTotal" fullname="FareMathTests.ValidateChange_AcceptsAnyCombinationWithTheRightTotal" methodname="ValidateChange_AcceptsAnyCombinationWithTheRightTotal" classname="FareMathTests" runstate="Runnable" seed="411482673" result="Passed" start-time="2026-06-15 19:13:58Z" end-time="2026-06-15 19:13:58Z" duration="0.002229" asserts="0">
          <properties>
            <property name="retryIteration" value="0" />
            <property name="repeatIteration" value="0" />
          </properties>
        </test-case>
      </test-suite>
      <test-suite type="TestFixture" id="1054" name="FlowConnectTests" fullname="FlowConnectTests" classname="FlowConnectTests" runstate="Runnable" testcasecount="6" result="Passed" start-time="2026-06-15 19:13:58Z" end-time="2026-06-15 19:13:58Z" duration="0.022445" total="6" passed="6" failed="0" inconclusive="0" skipped="0" asserts="0">
        <properties />
        <test-case id="1055" name="EveryLayout_IsSolvedByItsReferenceSolution" fullname="FlowConnectTests.EveryLayout_IsSolvedByItsReferenceSolution" methodname="EveryLayout_IsSolvedByItsReferenceSolution" classname="FlowConnectTests" runstate="Runnable" seed="1295088852" result="Passed" start-time="2026-06-15 19:13:58Z" end-time="2026-06-15 19:13:58Z" duration="0.012483" asserts="0">
          <properties>
            <property name="retryIteration" value="0" />
            <property name="repeatIteration" value="0" />
          </properties>
        </test-case>
        <test-case id="1060" name="Extend_BacktrackingTruncatesThePath" fullname="FlowConnectTests.Extend_BacktrackingTruncatesThePath" methodname="Extend_BacktrackingTruncatesThePath" classname="FlowConnectTests" runstate="Runnable" seed="1804296851" result="Passed" start-time="2026-06-15 19:13:58Z" end-time="2026-06-15 19:13:58Z" duration="0.001577" asserts="0">
          <properties>
            <property name="retryIteration" value="0" />
            <property name="repeatIteration" value="0" />
          </properties>
        </test-case>
        <test-case id="1059" name="Extend_RejectsAnotherColoursHub" fullname="FlowConnectTests.Extend_RejectsAnotherColoursHub" methodname="Extend_RejectsAnotherColoursHub" classname="FlowConnectTests" runstate="Runnable" seed="775844658" result="Passed" start-time="2026-06-15 19:13:58Z" end-time="2026-06-15 19:13:58Z" duration="0.000979" asserts="0">
          <properties>
            <property name="retryIteration" value="0" />
            <property name="repeatIteration" value="0" />
          </properties>
        </test-case>
        <test-case id="1058" name="Extend_RejectsCrossingAnotherColoursPath" fullname="FlowConnectTests.Extend_RejectsCrossingAnotherColoursPath" methodname="Extend_RejectsCrossingAnotherColoursPath" classname="FlowConnectTests" runstate="Runnable" seed="1111954447" result="Passed" start-time="2026-06-15 19:13:58Z" end-time="2026-06-15 19:13:58Z" duration="0.001121" asserts="0">
          <properties>
            <property name="retryIteration" value="0" />
            <property name="repeatIteration" value="0" />
          </properties>
        </test-case>
        <test-case id="1057" name="Get_IsDeterministicAndWraps" fullname="FlowConnectTests.Get_IsDeterministicAndWraps" methodname="Get_IsDeterministicAndWraps" classname="FlowConnectTests" runstate="Runnable" seed="1096977502" result="Passed" start-time="2026-06-15 19:13:58Z" end-time="2026-06-15 19:13:58Z" duration="0.000733" asserts="0">
          <properties>
            <property name="retryIteration" value="0" />
            <property name="repeatIteration" value="0" />
          </properties>
        </test-case>
        <test-case id="1056" name="LayoutSolutions_MatchTheirHubs" fullname="FlowConnectTests.LayoutSolutions_MatchTheirHubs" methodname="LayoutSolutions_MatchTheirHubs" classname="FlowConnectTests" runstate="Runnable" seed="1717029183" result="Passed" start-time="2026-06-15 19:13:58Z" end-time="2026-06-15 19:13:58Z" duration="0.001651" asserts="0">
          <properties>
            <property name="retryIteration" value="0" />
            <property name="repeatIteration" value="0" />
          </properties>
        </test-case>
      </test-suite>
      <test-suite type="TestFixture" id="1061" name="GridLayoutProjectorTests" fullname="GridLayoutProjectorTests" classname="GridLayoutProjectorTests" runstate="Runnable" testcasecount="3" result="Passed" start-time="2026-06-15 19:13:58Z" end-time="2026-06-15 19:13:58Z" duration="0.053742" total="3" passed="3" failed="0" inconclusive="0" skipped="0" asserts="0">
        <properties />
        <test-case id="1063" name="Projection_FillsEveryNodeGridCell" fullname="GridLayoutProjectorTests.Projection_FillsEveryNodeGridCell" methodname="Projection_FillsEveryNodeGridCell" classname="GridLayoutProjectorTests" runstate="Runnable" seed="1239454390" result="Passed" start-time="2026-06-15 19:13:58Z" end-time="2026-06-15 19:13:58Z" duration="0.035542" asserts="0">
          <properties>
            <property name="retryIteration" value="0" />
            <property name="repeatIteration" value="0" />
          </properties>
        </test-case>
        <test-case id="1062" name="Projection_ParsesCleanly_WithOneStartAndDest" fullname="GridLayoutProjectorTests.Projection_ParsesCleanly_WithOneStartAndDest" methodname="Projection_ParsesCleanly_WithOneStartAndDest" classname="GridLayoutProjectorTests" runstate="Runnable" seed="758455060" result="Passed" start-time="2026-06-15 19:13:58Z" end-time="2026-06-15 19:13:58Z" duration="0.011923" asserts="0">
          <properties>
            <property name="retryIteration" value="0" />
            <property name="repeatIteration" value="0" />
          </properties>
        </test-case>
        <test-case id="1064" name="StopCells_MatchParsedGrid" fullname="GridLayoutProjectorTests.StopCells_MatchParsedGrid" methodname="StopCells_MatchParsedGrid" classname="GridLayoutProjectorTests" runstate="Runnable" seed="1775139694" result="Passed" start-time="2026-06-15 19:13:58Z" end-time="2026-06-15 19:13:58Z" duration="0.002148" asserts="0">
          <properties>
            <property name="retryIteration" value="0" />
            <property name="repeatIteration" value="0" />
          </properties>
        </test-case>
      </test-suite>
      <test-suite type="TestFixture" id="1065" name="GridPathfinderTests" fullname="GridPathfinderTests" classname="GridPathfinderTests" runstate="Runnable" testcasecount="4" result="Passed" start-time="2026-06-15 19:13:58Z" end-time="2026-06-15 19:13:58Z" duration="0.009340" total="4" passed="4" failed="0" inconclusive="0" skipped="0" asserts="0">
        <properties />
        <test-case id="1066" name="Path_FindsShortestStraightRun" fullname="GridPathfinderTests.Path_FindsShortestStraightRun" methodname="Path_FindsShortestStraightRun" classname="GridPathfinderTests" runstate="Runnable" seed="781202005" result="Passed" start-time="2026-06-15 19:13:58Z" end-time="2026-06-15 19:13:58Z" duration="0.001927" asserts="0">
          <properties>
            <property name="retryIteration" value="0" />
            <property name="repeatIteration" value="0" />
          </properties>
        </test-case>
        <test-case id="1067" name="Path_IsNullWhenUnreachable" fullname="GridPathfinderTests.Path_IsNullWhenUnreachable" methodname="Path_IsNullWhenUnreachable" classname="GridPathfinderTests" runstate="Runnable" seed="1456146152" result="Passed" start-time="2026-06-15 19:13:58Z" end-time="2026-06-15 19:13:58Z" duration="0.001043" asserts="0">
          <properties>
            <property name="retryIteration" value="0" />
            <property name="repeatIteration" value="0" />
          </properties>
        </test-case>
        <test-case id="1069" name="Path_SameCellReturnsSingleStep" fullname="GridPathfinderTests.Path_SameCellReturnsSingleStep" methodname="Path_SameCellReturnsSingleStep" classname="GridPathfinderTests" runstate="Runnable" seed="850496670" result="Passed" start-time="2026-06-15 19:13:58Z" end-time="2026-06-15 19:13:58Z" duration="0.000981" asserts="0">
          <properties>
            <property name="retryIteration" value="0" />
            <property name="repeatIteration" value="0" />
          </properties>
        </test-case>
        <test-case id="1068" name="ToActions_TurnsAndMovesAlongAnLBend" fullname="GridPathfinderTests.ToActions_TurnsAndMovesAlongAnLBend" methodname="ToActions_TurnsAndMovesAlongAnLBend" classname="GridPathfinderTests" runstate="Runnable" seed="1905190165" result="Passed" start-time="2026-06-15 19:13:58Z" end-time="2026-06-15 19:13:58Z" duration="0.001269" asserts="0">
          <properties>
            <property name="retryIteration" value="0" />
            <property name="repeatIteration" value="0" />
          </properties>
        </test-case>
      </test-suite>
      <test-suite type="TestFixture" id="1070" name="InterpreterTests" fullname="InterpreterTests" classname="InterpreterTests" runstate="Runnable" testcasecount="41" result="Passed" start-time="2026-06-15 19:13:58Z" end-time="2026-06-15 19:13:58Z" duration="0.148235" total="41" passed="41" failed="0" inconclusive="0" skipped="0" asserts="0">
        <properties />
        <test-case id="1088" name="ActionAsValue_RuntimeErrorWithCoachingMessage" fullname="InterpreterTests.ActionAsValue_RuntimeErrorWithCoachingMessage" methodname="ActionAsValue_RuntimeErrorWithCoachingMessage" classname="InterpreterTests" runstate="Runnable" seed="1699207525" result="Passed" start-time="2026-06-15 19:13:58Z" end-time="2026-06-15 19:13:58Z" duration="0.013465" asserts="0">
          <properties>
            <property name="retryIteration" value="0" />
            <property name="repeatIteration" value="0" />
          </properties>
        </test-case>
        <test-case id="1089" name="Arithmetic_ComputesCorrectly" fullname="InterpreterTests.Arithmetic_ComputesCorrectly" methodname="Arithmetic_ComputesCorrectly" classname="InterpreterTests" runstate="Runnable" seed="1628576904" result="Passed" start-time="2026-06-15 19:13:58Z" end-time="2026-06-15 19:13:58Z" duration="0.014322" asserts="0">
          <properties>
            <property name="retryIteration" value="0" />
            <property name="repeatIteration" value="0" />
          </properties>
        </test-case>
        <test-case id="1081" name="Assignment_ReadsBackVariable" fullname="InterpreterTests.Assignment_ReadsBackVariable" methodname="Assignment_ReadsBackVariable" classname="InterpreterTests" runstate="Runnable" seed="2025116402" result="Passed" start-time="2026-06-15 19:13:58Z" end-time="2026-06-15 19:13:58Z" duration="0.002653" asserts="0">
          <properties>
            <property name="retryIteration" value="0" />
            <property name="repeatIteration" value="0" />
          </properties>
        </test-case>
        <test-case id="1090" name="BooleanAnd_ShortCircuits" fullname="InterpreterTests.BooleanAnd_ShortCircuits" methodname="BooleanAnd_ShortCircuits" classname="InterpreterTests" runstate="Runnable" seed="1320557784" result="Passed" start-time="2026-06-15 19:13:58Z" end-time="2026-06-15 19:13:58Z" duration="0.001644" asserts="0">
          <properties>
            <property name="retryIteration" value="0" />
            <property name="repeatIteration" value="0" />
          </properties>
        </test-case>
        <test-case id="1099" name="Break_ExitsLoop" fullname="InterpreterTests.Break_ExitsLoop" methodname="Break_ExitsLoop" classname="InterpreterTests" runstate="Runnable" seed="588019638" result="Passed" start-time="2026-06-15 19:13:58Z" end-time="2026-06-15 19:13:58Z" duration="0.004013" asserts="0">
          <properties>
            <property name="retryIteration" value="0" />
            <property name="repeatIteration" value="0" />
          </properties>
        </test-case>
        <test-case id="1110" name="Builtins_SumSortedLen" fullname="InterpreterTests.Builtins_SumSortedLen" methodname="Builtins_SumSortedLen" classname="InterpreterTests" runstate="Runnable" seed="90288857" result="Passed" start-time="2026-06-15 19:13:58Z" end-time="2026-06-15 19:13:58Z" duration="0.010900" asserts="0">
          <properties>
            <property name="retryIteration" value="0" />
            <property name="repeatIteration" value="0" />
          </properties>
        </test-case>
        <test-case id="1091" name="Comparison_UsesExpressions" fullname="InterpreterTests.Comparison_UsesExpressions" methodname="Comparison_UsesExpressions" classname="InterpreterTests" runstate="Runnable" seed="810769721" result="Passed" start-time="2026-06-15 19:13:58Z" end-time="2026-06-15 19:13:58Z" duration="0.002661" asserts="0">
          <properties>
            <property name="retryIteration" value="0" />
            <property name="repeatIteration" value="0" />
          </properties>
        </test-case>
        <test-case id="1078" name="ConditionOnlySpin_TripsTheEvaluationGuard" fullname="InterpreterTests.ConditionOnlySpin_TripsTheEvaluationGuard" methodname="ConditionOnlySpin_TripsTheEvaluationGuard" classname="InterpreterTests" runstate="Runnable" seed="196265200" result="Passed" start-time="2026-06-15 19:13:58Z" end-time="2026-06-15 19:13:58Z" duration="0.015372" asserts="0">
          <properties>
            <property name="retryIteration" value="0" />
            <property name="repeatIteration" value="0" />
          </properties>
        </test-case>
        <test-case id="1100" name="Continue_SkipsRestOfIteration" fullname="InterpreterTests.Continue_SkipsRestOfIteration" methodname="Continue_SkipsRestOfIteration" classname="InterpreterTests" runstate="Runnable" seed="982431819" result="Passed" start-time="2026-06-15 19:13:58Z" end-time="2026-06-15 19:13:58Z" duration="0.001047" asserts="0">
          <properties>
            <property name="retryIteration" value="0" />
            <property name="repeatIteration" value="0" />
          </properties>
        </test-case>
        <test-case id="1108" name="Dict_LookupAndAssign" fullname="InterpreterTests.Dict_LookupAndAssign" methodname="Dict_LookupAndAssign" classname="InterpreterTests" runstate="Runnable" seed="1349538348" result="Passed" start-time="2026-06-15 19:13:58Z" end-time="2026-06-15 19:13:58Z" duration="0.011688" asserts="0">
          <properties>
            <property name="retryIteration" value="0" />
            <property name="repeatIteration" value="0" />
          </properties>
        </test-case>
        <test-case id="1098" name="Elif_TakesTheMatchingBranch" fullname="InterpreterTests.Elif_TakesTheMatchingBranch" methodname="Elif_TakesTheMatchingBranch" classname="InterpreterTests" runstate="Runnable" seed="2138357206" result="Passed" start-time="2026-06-15 19:13:58Z" end-time="2026-06-15 19:13:58Z" duration="0.001846" asserts="0">
          <properties>
            <property name="retryIteration" value="0" />
            <property name="repeatIteration" value="0" />
          </properties>
        </test-case>
        <test-case id="1079" name="EmptyProgram_FinishesImmediately" fullname="InterpreterTests.EmptyProgram_FinishesImmediately" methodname="EmptyProgram_FinishesImmediately" classname="InterpreterTests" runstate="Runnable" seed="2044378844" result="Passed" start-time="2026-06-15 19:13:58Z" end-time="2026-06-15 19:13:58Z" duration="0.001115" asserts="0">
          <properties>
            <property name="retryIteration" value="0" />
            <property name="repeatIteration" value="0" />
          </properties>
        </test-case>
        <test-case id="1097" name="ForEach_OverString_IteratesCharacters" fullname="InterpreterTests.ForEach_OverString_IteratesCharacters" methodname="ForEach_OverString_IteratesCharacters" classname="InterpreterTests" runstate="Runnable" seed="2071932647" result="Passed" start-time="2026-06-15 19:13:58Z" end-time="2026-06-15 19:13:58Z" duration="0.002436" asserts="0">
          <properties>
            <property name="retryIteration" value="0" />
            <property name="repeatIteration" value="0" />
          </properties>
        </test-case>
        <test-case id="1096" name="ForRange_LoopsCorrectNumberOfTimes" fullname="InterpreterTests.ForRange_LoopsCorrectNumberOfTimes" methodname="ForRange_LoopsCorrectNumberOfTimes" classname="InterpreterTests" runstate="Runnable" seed="713889614" result="Passed" start-time="2026-06-15 19:13:58Z" end-time="2026-06-15 19:13:58Z" duration="0.001219" asserts="0">
          <properties>
            <property name="retryIteration" value="0" />
            <property name="repeatIteration" value="0" />
          </properties>
        </test-case>
        <test-case id="1104" name="Function_CallAsStatement" fullname="InterpreterTests.Function_CallAsStatement" methodname="Function_CallAsStatement" classname="InterpreterTests" runstate="Runnable" seed="1448626749" result="Passed" start-time="2026-06-15 19:13:58Z" end-time="2026-06-15 19:13:58Z" duration="0.003553" asserts="0">
          <properties>
            <property name="retryIteration" value="0" />
            <property name="repeatIteration" value="0" />
          </properties>
        </test-case>
        <test-case id="1103" name="Function_ReadsGlobal_AssignmentMakesLocal" fullname="InterpreterTests.Function_ReadsGlobal_AssignmentMakesLocal" methodname="Function_ReadsGlobal_AssignmentMakesLocal" classname="InterpreterTests" runstate="Runnable" seed="2564018" result="Passed" start-time="2026-06-15 19:13:58Z" end-time="2026-06-15 19:13:58Z" duration="0.002655" asserts="0">
          <properties>
            <property name="retryIteration" value="0" />
            <property name="repeatIteration" value="0" />
          </properties>
        </test-case>
        <test-case id="1102" name="Function_ReturnsValue_UsedInExpression" fullname="InterpreterTests.Function_ReturnsValue_UsedInExpression" methodname="Function_ReturnsValue_UsedInExpression" classname="InterpreterTests" runstate="Runnable" seed="707264476" result="Passed" start-time="2026-06-15 19:13:58Z" end-time="2026-06-15 19:13:58Z" duration="0.001111" asserts="0">
          <properties>
            <property name="retryIteration" value="0" />
            <property name="repeatIteration" value="0" />
          </properties>
        </test-case>
        <test-case id="1105" name="Function_WrongArgCount_RuntimeError" fullname="InterpreterTests.Function_WrongArgCount_RuntimeError" methodname="Function_WrongArgCount_RuntimeError" classname="InterpreterTests" runstate="Runnable" seed="773166299" result="Passed" start-time="2026-06-15 19:13:58Z" end-time="2026-06-15 19:13:58Z" duration="0.000981" asserts="0">
          <properties>
            <property name="retryIteration" value="0" />
            <property name="repeatIteration" value="0" />
          </properties>
        </test-case>
        <test-case id="1073" name="If_TakesTheElseBranch" fullname="InterpreterTests.If_TakesTheElseBranch" methodname="If_TakesTheElseBranch" classname="InterpreterTests" runstate="Runnable" seed="1282646774" result="Passed" start-time="2026-06-15 19:13:58Z" end-time="2026-06-15 19:13:58Z" duration="0.003632" asserts="0">
          <properties>
            <property name="retryIteration" value="0" />
            <property name="repeatIteration" value="0" />
          </properties>
        </test-case>
        <test-case id="1072" name="If_TakesTheTrueBranch" fullname="InterpreterTests.If_TakesTheTrueBranch" methodname="If_TakesTheTrueBranch" classname="InterpreterTests" runstate="Runnable" seed="655979476" result="Passed" start-time="2026-06-15 19:13:58Z" end-time="2026-06-15 19:13:58Z" duration="0.000749" asserts="0">
          <properties>
            <property name="retryIteration" value="0" />
            <property name="repeatIteration" value="0" />
          </properties>
        </test-case>
        <test-case id="1077" name="InfiniteLoop_TripsTheActionGuard_WithAPlainEnglishError" fullname="InterpreterTests.InfiniteLoop_TripsTheActionGuard_WithAPlainEnglishError" methodname="InfiniteLoop_TripsTheActionGuard_WithAPlainEnglishError" classname="InterpreterTests" runstate="Runnable" seed="1284799663" result="Passed" start-time="2026-06-15 19:13:58Z" end-time="2026-06-15 19:13:58Z" duration="0.005863" asserts="0">
          <properties>
            <property name="retryIteration" value="0" />
            <property name="repeatIteration" value="0" />
          </properties>
        </test-case>
        <test-case id="1071" name="LinearProgram_EmitsActionsInOrder_OnePerStep" fullname="InterpreterTests.LinearProgram_EmitsActionsInOrder_OnePerStep" methodname="LinearProgram_EmitsActionsInOrder_OnePerStep" classname="InterpreterTests" runstate="Runnable" seed="1609343904" result="Passed" start-time="2026-06-15 19:13:58Z" end-time="2026-06-15 19:13:58Z" duration="0.001157" asserts="0">
          <properties>
            <property name="retryIteration" value="0" />
            <property name="repeatIteration" value="0" />
          </properties>
        </test-case>
        <test-case id="1107" name="List_IndexAndAssign" fullname="InterpreterTests.List_IndexAndAssign" methodname="List_IndexAndAssign" classname="InterpreterTests" runstate="Runnable" seed="491561592" result="Passed" start-time="2026-06-15 19:13:58Z" end-time="2026-06-15 19:13:58Z" duration="0.001409" asserts="0">
          <properties>
            <property name="retryIteration" value="0" />
            <property name="repeatIteration" value="0" />
          </properties>
        </test-case>
        <test-case id="1106" name="List_LiteralAndAppend" fullname="InterpreterTests.List_LiteralAndAppend" methodname="List_LiteralAndAppend" classname="InterpreterTests" runstate="Runnable" seed="667835827" result="Passed" start-time="2026-06-15 19:13:58Z" end-time="2026-06-15 19:13:58Z" duration="0.000854" asserts="0">
          <properties>
            <property name="retryIteration" value="0" />
            <property name="repeatIteration" value="0" />
          </properties>
        </test-case>
        <test-case id="1111" name="MethodCall_Append" fullname="InterpreterTests.MethodCall_Append" methodname="MethodCall_Append" classname="InterpreterTests" runstate="Runnable" seed="879550965" result="Passed" start-time="2026-06-15 19:13:58Z" end-time="2026-06-15 19:13:58Z" duration="0.001437" asserts="0">
          <properties>
            <property name="retryIteration" value="0" />
            <property name="repeatIteration" value="0" />
          </properties>
        </test-case>
        <test-case id="1082" name="MoveForwardWithLiteral_RepeatsNTimes" fullname="InterpreterTests.MoveForwardWithLiteral_RepeatsNTimes" methodname="MoveForwardWithLiteral_RepeatsNTimes" classname="InterpreterTests" runstate="Runnable" seed="1311350172" result="Passed" start-time="2026-06-15 19:13:58Z" end-time="2026-06-15 19:13:58Z" duration="0.001043" asserts="0">
          <properties>
            <property name="retryIteration" value="0" />
            <property name="repeatIteration" value="0" />
          </properties>
        </test-case>
        <test-case id="1076" name="NestedIfInsideWhile_ExecutesPerIteration" fullname="InterpreterTests.NestedIfInsideWhile_ExecutesPerIteration" methodname="NestedIfInsideWhile_ExecutesPerIteration" classname="InterpreterTests" runstate="Runnable" seed="173819562" result="Passed" start-time="2026-06-15 19:13:58Z" end-time="2026-06-15 19:13:58Z" duration="0.000953" asserts="0">
          <properties>
            <property name="retryIteration" value="0" />
            <property name="repeatIteration" value="0" />
          </properties>
        </test-case>
        <test-case id="1095" name="NotIn_Membership" fullname="InterpreterTests.NotIn_Membership" methodname="NotIn_Membership" classname="InterpreterTests" runstate="Runnable" seed="87619159" result="Passed" start-time="2026-06-15 19:13:58Z" end-time="2026-06-15 19:13:58Z" duration="0.001347" asserts="0">
          <properties>
            <property name="retryIteration" value="0" />
            <property name="repeatIteration" value="0" />
          </properties>
        </test-case>
        <test-case id="1084" name="Print_CollectsOutput" fullname="InterpreterTests.Print_CollectsOutput" methodname="Print_CollectsOutput" classname="InterpreterTests" runstate="Runnable" seed="1564271587" result="Passed" start-time="2026-06-15 19:13:58Z" end-time="2026-06-15 19:13:58Z" duration="0.001051" asserts="0">
          <properties>
            <property name="retryIteration" value="0" />
            <property name="repeatIteration" value="0" />
          </properties>
        </test-case>
        <test-case id="1094" name="QueryAsValue_AssignedAsBool" fullname="InterpreterTests.QueryAsValue_AssignedAsBool" methodname="QueryAsValue_AssignedAsBool" classname="InterpreterTests" runstate="Runnable" seed="1419625459" result="Passed" start-time="2026-06-15 19:13:58Z" end-time="2026-06-15 19:13:58Z" duration="0.000997" asserts="0">
          <properties>
            <property name="retryIteration" value="0" />
            <property name="repeatIteration" value="0" />
          </properties>
        </test-case>
        <test-case id="1080" name="Reload_ResetsExecutionState" fullname="InterpreterTests.Reload_ResetsExecutionState" methodname="Reload_ResetsExecutionState" classname="InterpreterTests" runstate="Runnable" seed="1760392665" result="Passed" start-time="2026-06-15 19:13:58Z" end-time="2026-06-15 19:13:58Z" duration="0.000952" asserts="0">
          <properties>
            <property name="retryIteration" value="0" />
            <property name="repeatIteration" value="0" />
          </properties>
        </test-case>
        <test-case id="1101" name="RepeatSugar_LowersToRangeLoop" fullname="InterpreterTests.RepeatSugar_LowersToRangeLoop" methodname="RepeatSugar_LowersToRangeLoop" classname="InterpreterTests" runstate="Runnable" seed="2021158125" result="Passed" start-time="2026-06-15 19:13:58Z" end-time="2026-06-15 19:13:58Z" duration="0.002234" asserts="0">
          <properties>
            <property name="retryIteration" value="0" />
            <property name="repeatIteration" value="0" />
          </properties>
        </test-case>
        <test-case id="1085" name="Reporter_ReadsValueIntoVariable" fullname="InterpreterTests.Reporter_ReadsValueIntoVariable" methodname="Reporter_ReadsValueIntoVariable" classname="InterpreterTests" runstate="Runnable" seed="1689501593" result="Passed" start-time="2026-06-15 19:13:58Z" end-time="2026-06-15 19:13:58Z" duration="0.004034" asserts="0">
          <properties>
            <property name="retryIteration" value="0" />
            <property name="repeatIteration" value="0" />
          </properties>
        </test-case>
        <test-case id="1093" name="StringConcatenation_Works" fullname="InterpreterTests.StringConcatenation_Works" methodname="StringConcatenation_Works" classname="InterpreterTests" runstate="Runnable" seed="425047433" result="Passed" start-time="2026-06-15 19:13:58Z" end-time="2026-06-15 19:13:58Z" duration="0.001129" asserts="0">
          <properties>
            <property name="retryIteration" value="0" />
            <property name="repeatIteration" value="0" />
          </properties>
        </test-case>
        <test-case id="1109" name="Tuple_CreateAndIndex" fullname="InterpreterTests.Tuple_CreateAndIndex" methodname="Tuple_CreateAndIndex" classname="InterpreterTests" runstate="Runnable" seed="2009948283" result="Passed" start-time="2026-06-15 19:13:58Z" end-time="2026-06-15 19:13:58Z" duration="0.000961" asserts="0">
          <properties>
            <property name="retryIteration" value="0" />
            <property name="repeatIteration" value="0" />
          </properties>
        </test-case>
        <test-case id="1092" name="TypeMismatch_AddingStringAndNumber_Errors" fullname="InterpreterTests.TypeMismatch_AddingStringAndNumber_Errors" methodname="TypeMismatch_AddingStringAndNumber_Errors" classname="InterpreterTests" runstate="Runnable" seed="396481982" result="Passed" start-time="2026-06-15 19:13:58Z" end-time="2026-06-15 19:13:58Z" duration="0.001156" asserts="0">
          <properties>
            <property name="retryIteration" value="0" />
            <property name="repeatIteration" value="0" />
          </properties>
        </test-case>
        <test-case id="1087" name="UndefinedVariable_RuntimeErrorWithCoachingMessage" fullname="InterpreterTests.UndefinedVariable_RuntimeErrorWithCoachingMessage" methodname="UndefinedVariable_RuntimeErrorWithCoachingMessage" classname="InterpreterTests" runstate="Runnable" seed="796249830" result="Passed" start-time="2026-06-15 19:13:58Z" end-time="2026-06-15 19:13:58Z" duration="0.001215" asserts="0">
          <properties>
            <property name="retryIteration" value="0" />
            <property name="repeatIteration" value="0" />
          </properties>
        </test-case>
        <test-case id="1086" name="ValueReturningAction_BindsViaDeliverProtocol" fullname="InterpreterTests.ValueReturningAction_BindsViaDeliverProtocol" methodname="ValueReturningAction_BindsViaDeliverProtocol" classname="InterpreterTests" runstate="Runnable" seed="759497177" result="Passed" start-time="2026-06-15 19:13:58Z" end-time="2026-06-15 19:13:58Z" duration="0.001197" asserts="0">
          <properties>
            <property name="retryIteration" value="0" />
            <property name="repeatIteration" value="0" />
          </properties>
        </test-case>
        <test-case id="1083" name="Wait_RepeatsNTimes" fullname="InterpreterTests.Wait_RepeatsNTimes" methodname="Wait_RepeatsNTimes" classname="InterpreterTests" runstate="Runnable" seed="51125866" result="Passed" start-time="2026-06-15 19:13:58Z" end-time="2026-06-15 19:13:58Z" duration="0.000843" asserts="0">
          <properties>
            <property name="retryIteration" value="0" />
            <property name="repeatIteration" value="0" />
          </properties>
        </test-case>
        <test-case id="1074" name="While_RunsUntilTheQueryFlips" fullname="InterpreterTests.While_RunsUntilTheQueryFlips" methodname="While_RunsUntilTheQueryFlips" classname="InterpreterTests" runstate="Runnable" seed="1513812646" result="Passed" start-time="2026-06-15 19:13:58Z" end-time="2026-06-15 19:13:58Z" duration="0.001011" asserts="0">
          <properties>
            <property name="retryIteration" value="0" />
            <property name="repeatIteration" value="0" />
          </properties>
        </test-case>
        <test-case id="1075" name="WhileNot_InvertsTheQuery" fullname="InterpreterTests.WhileNot_InvertsTheQuery" methodname="WhileNot_InvertsTheQuery" classname="InterpreterTests" runstate="Runnable" seed="658087629" result="Passed" start-time="2026-06-15 19:13:58Z" end-time="2026-06-15 19:13:58Z" duration="0.000757" asserts="0">
          <properties>
            <property name="retryIteration" value="0" />
            <property name="repeatIteration" value="0" />
          </properties>
        </test-case>
      </test-suite>
      <test-suite type="TestFixture" id="1112" name="Level1SolutionTests" fullname="Level1SolutionTests" classname="Level1SolutionTests" runstate="Runnable" testcasecount="9" result="Passed" start-time="2026-06-15 19:13:58Z" end-time="2026-06-15 19:13:58Z" duration="0.020619" total="9" passed="9" failed="0" inconclusive="0" skipped="0" asserts="0">
        <properties />
        <test-case id="1114" name="Level1Map_ParsesCleanly" fullname="Level1SolutionTests.Level1Map_ParsesCleanly" methodname="Level1Map_ParsesCleanly" classname="Level1SolutionTests" runstate="Runnable" seed="218077222" result="Passed" start-time="2026-06-15 19:13:58Z" end-time="2026-06-15 19:13:58Z" duration="0.002927" asserts="0">
          <properties>
            <property name="retryIteration" value="0" />
            <property name="repeatIteration" value="0" />
          </properties>
        </test-case>
        <test-case id="1117" name="Level1Solution_StaysWellUnderTheLoopGuard" fullname="Level1SolutionTests.Level1Solution_StaysWellUnderTheLoopGuard" methodname="Level1Solution_StaysWellUnderTheLoopGuard" classname="Level1SolutionTests" runstate="Runnable" seed="761343176" result="Passed" start-time="2026-06-15 19:13:58Z" end-time="2026-06-15 19:13:58Z" duration="0.002317" asserts="0">
          <properties>
            <property name="retryIteration" value="0" />
            <property name="repeatIteration" value="0" />
          </properties>
        </test-case>
        <test-case id="1116" name="Level1Solution_WinsExactlyAtPar" fullname="Level1SolutionTests.Level1Solution_WinsExactlyAtPar" methodname="Level1Solution_WinsExactlyAtPar" classname="Level1SolutionTests" runstate="Runnable" seed="1997330421" result="Passed" start-time="2026-06-15 19:13:58Z" end-time="2026-06-15 19:13:58Z" duration="0.001678" asserts="0">
          <properties>
            <property name="retryIteration" value="0" />
            <property name="repeatIteration" value="0" />
          </properties>
        </test-case>
        <test-case id="1120" name="Library_HasSixLevels_WithTutorialAndLevel1Playable" fullname="Level1SolutionTests.Library_HasSixLevels_WithTutorialAndLevel1Playable" methodname="Library_HasSixLevels_WithTutorialAndLevel1Playable" classname="Level1SolutionTests" runstate="Runnable" seed="662798299" result="Passed" start-time="2026-06-15 19:13:58Z" end-time="2026-06-15 19:13:58Z" duration="0.002669" asserts="0">
          <properties>
            <property name="retryIteration" value="0" />
            <property name="repeatIteration" value="0" />
          </properties>
        </test-case>
        <test-case id="1119" name="Oton_HasACrateStackTownGate" fullname="Level1SolutionTests.Oton_HasACrateStackTownGate" methodname="Oton_HasACrateStackTownGate" classname="Level1SolutionTests" runstate="Runnable" seed="1568243817" result="Passed" start-time="2026-06-15 19:13:58Z" end-time="2026-06-15 19:13:58Z" duration="0.000783" asserts="0">
          <properties>
            <property name="retryIteration" value="0" />
            <property name="repeatIteration" value="0" />
          </properties>
        </test-case>
        <test-case id="1118" name="OtonMaze_UsesAuthoredGrid_AndIsSolvedByItsSolution" fullname="Level1SolutionTests.OtonMaze_UsesAuthoredGrid_AndIsSolvedByItsSolution" methodname="OtonMaze_UsesAuthoredGrid_AndIsSolvedByItsSolution" classname="Level1SolutionTests" runstate="Runnable" seed="1415387107" result="Passed" start-time="2026-06-15 19:13:58Z" end-time="2026-06-15 19:13:58Z" duration="0.001436" asserts="0">
          <properties>
            <property name="retryIteration" value="0" />
            <property name="repeatIteration" value="0" />
          </properties>
        </test-case>
        <test-case id="1121" name="PlayableLevels_HaveManualRoutesWithOneDestination" fullname="Level1SolutionTests.PlayableLevels_HaveManualRoutesWithOneDestination" methodname="PlayableLevels_HaveManualRoutesWithOneDestination" classname="Level1SolutionTests" runstate="Runnable" seed="1054269186" result="Passed" start-time="2026-06-15 19:13:58Z" end-time="2026-06-15 19:13:58Z" duration="0.001536" asserts="0">
          <properties>
            <property name="retryIteration" value="0" />
            <property name="repeatIteration" value="0" />
          </properties>
        </test-case>
        <test-case id="1113" name="TutorialMap_ParsesCleanly" fullname="Level1SolutionTests.TutorialMap_ParsesCleanly" methodname="TutorialMap_ParsesCleanly" classname="Level1SolutionTests" runstate="Runnable" seed="78996887" result="Passed" start-time="2026-06-15 19:13:58Z" end-time="2026-06-15 19:13:58Z" duration="0.000788" asserts="0">
          <properties>
            <property name="retryIteration" value="0" />
            <property name="repeatIteration" value="0" />
          </properties>
        </test-case>
        <test-case id="1115" name="TutorialSolution_WinsExactlyAtPar" fullname="Level1SolutionTests.TutorialSolution_WinsExactlyAtPar" methodname="TutorialSolution_WinsExactlyAtPar" classname="Level1SolutionTests" runstate="Runnable" seed="1551776709" result="Passed" start-time="2026-06-15 19:13:58Z" end-time="2026-06-15 19:13:58Z" duration="0.000858" asserts="0">
          <properties>
            <property name="retryIteration" value="0" />
            <property name="repeatIteration" value="0" />
          </properties>
        </test-case>
      </test-suite>
      <test-suite type="TestFixture" id="1122" name="LexerTests" fullname="LexerTests" classname="LexerTests" runstate="Runnable" testcasecount="16" result="Passed" start-time="2026-06-15 19:13:58Z" end-time="2026-06-15 19:13:58Z" duration="0.028624" total="16" passed="16" failed="0" inconclusive="0" skipped="0" asserts="0">
        <properties />
        <test-case id="1137" name="BracketsBracesDot_Tokenize" fullname="LexerTests.BracketsBracesDot_Tokenize" methodname="BracketsBracesDot_Tokenize" classname="LexerTests" runstate="Runnable" seed="907462966" result="Passed" start-time="2026-06-15 19:13:58Z" end-time="2026-06-15 19:13:58Z" duration="0.004821" asserts="0">
          <properties>
            <property name="retryIteration" value="0" />
            <property name="repeatIteration" value="0" />
          </properties>
        </test-case>
        <test-case id="1135" name="CommaAndAssign_Tokenize" fullname="LexerTests.CommaAndAssign_Tokenize" methodname="CommaAndAssign_Tokenize" classname="LexerTests" runstate="Runnable" seed="1816955258" result="Passed" start-time="2026-06-15 19:13:58Z" end-time="2026-06-15 19:13:58Z" duration="0.000831" asserts="0">
          <properties>
            <property name="retryIteration" value="0" />
            <property name="repeatIteration" value="0" />
          </properties>
        </test-case>
        <test-case id="1126" name="CommentsAndBlankLines_AreSkippedEntirely" fullname="LexerTests.CommentsAndBlankLines_AreSkippedEntirely" methodname="CommentsAndBlankLines_AreSkippedEntirely" classname="LexerTests" runstate="Runnable" seed="1597195750" result="Passed" start-time="2026-06-15 19:13:58Z" end-time="2026-06-15 19:13:58Z" duration="0.002004" asserts="0">
          <properties>
            <property name="retryIteration" value="0" />
            <property name="repeatIteration" value="0" />
          </properties>
        </test-case>
        <test-case id="1124" name="IndentedBlock_EmitsIndentAndDedent" fullname="LexerTests.IndentedBlock_EmitsIndentAndDedent" methodname="IndentedBlock_EmitsIndentAndDedent" classname="LexerTests" runstate="Runnable" seed="121641361" result="Passed" start-time="2026-06-15 19:13:58Z" end-time="2026-06-15 19:13:58Z" duration="0.000812" asserts="0">
          <properties>
            <property name="retryIteration" value="0" />
            <property name="repeatIteration" value="0" />
          </properties>
        </test-case>
        <test-case id="1130" name="KeywordsAreRecognized" fullname="LexerTests.KeywordsAreRecognized" methodname="KeywordsAreRecognized" classname="LexerTests" runstate="Runnable" seed="420014661" result="Passed" start-time="2026-06-15 19:13:58Z" end-time="2026-06-15 19:13:58Z" duration="0.001836" asserts="0">
          <properties>
            <property name="retryIteration" value="0" />
            <property name="repeatIteration" value="0" />
          </properties>
        </test-case>
        <test-case id="1127" name="MisalignedDedent_ReportsPlainEnglishError" fullname="LexerTests.MisalignedDedent_ReportsPlainEnglishError" methodname="MisalignedDedent_ReportsPlainEnglishError" classname="LexerTests" runstate="Runnable" seed="903282667" result="Passed" start-time="2026-06-15 19:13:58Z" end-time="2026-06-15 19:13:58Z" duration="0.001220" asserts="0">
          <properties>
            <property name="retryIteration" value="0" />
            <property name="repeatIteration" value="0" />
          </properties>
        </test-case>
        <test-case id="1125" name="NestedBlocks_CloseInOrderAtEndOfFile" fullname="LexerTests.NestedBlocks_CloseInOrderAtEndOfFile" methodname="NestedBlocks_CloseInOrderAtEndOfFile" classname="LexerTests" runstate="Runnable" seed="509544573" result="Passed" start-time="2026-06-15 19:13:58Z" end-time="2026-06-15 19:13:58Z" duration="0.003341" asserts="0">
          <properties>
            <property name="retryIteration" value="0" />
            <property name="repeatIteration" value="0" />
          </properties>
        </test-case>
        <test-case id="1138" name="NotIn_TokenizesAsTwoKeywords" fullname="LexerTests.NotIn_TokenizesAsTwoKeywords" methodname="NotIn_TokenizesAsTwoKeywords" classname="LexerTests" runstate="Runnable" seed="1245024239" result="Passed" start-time="2026-06-15 19:13:58Z" end-time="2026-06-15 19:13:58Z" duration="0.000944" asserts="0">
          <properties>
            <property name="retryIteration" value="0" />
            <property name="repeatIteration" value="0" />
          </properties>
        </test-case>
        <test-case id="1131" name="NumberLiteral_TokenizesIntAndFloat" fullname="LexerTests.NumberLiteral_TokenizesIntAndFloat" methodname="NumberLiteral_TokenizesIntAndFloat" classname="LexerTests" runstate="Runnable" seed="267816873" result="Passed" start-time="2026-06-15 19:13:58Z" end-time="2026-06-15 19:13:58Z" duration="0.000930" asserts="0">
          <properties>
            <property name="retryIteration" value="0" />
            <property name="repeatIteration" value="0" />
          </properties>
        </test-case>
        <test-case id="1136" name="Operators_Tokenize" fullname="LexerTests.Operators_Tokenize" methodname="Operators_Tokenize" classname="LexerTests" runstate="Runnable" seed="18079053" result="Passed" start-time="2026-06-15 19:13:58Z" end-time="2026-06-15 19:13:58Z" duration="0.000760" asserts="0">
          <properties>
            <property name="retryIteration" value="0" />
            <property name="repeatIteration" value="0" />
          </properties>
        </test-case>
        <test-case id="1123" name="SimpleCall_TokenizesCleanly" fullname="LexerTests.SimpleCall_TokenizesCleanly" methodname="SimpleCall_TokenizesCleanly" classname="LexerTests" runstate="Runnable" seed="1796923628" result="Passed" start-time="2026-06-15 19:13:58Z" end-time="2026-06-15 19:13:58Z" duration="0.000665" asserts="0">
          <properties>
            <property name="retryIteration" value="0" />
            <property name="repeatIteration" value="0" />
          </properties>
        </test-case>
        <test-case id="1133" name="StringLiteral_EscapesAreDecoded" fullname="LexerTests.StringLiteral_EscapesAreDecoded" methodname="StringLiteral_EscapesAreDecoded" classname="LexerTests" runstate="Runnable" seed="1238783041" result="Passed" start-time="2026-06-15 19:13:58Z" end-time="2026-06-15 19:13:58Z" duration="0.000684" asserts="0">
          <properties>
            <property name="retryIteration" value="0" />
            <property name="repeatIteration" value="0" />
          </properties>
        </test-case>
        <test-case id="1132" name="StringLiteral_TokenizesWithEscapes" fullname="LexerTests.StringLiteral_TokenizesWithEscapes" methodname="StringLiteral_TokenizesWithEscapes" classname="LexerTests" runstate="Runnable" seed="1528120908" result="Passed" start-time="2026-06-15 19:13:58Z" end-time="2026-06-15 19:13:58Z" duration="0.000727" asserts="0">
          <properties>
            <property name="retryIteration" value="0" />
            <property name="repeatIteration" value="0" />
          </properties>
        </test-case>
        <test-case id="1128" name="TabsCountAsFourSpaces" fullname="LexerTests.TabsCountAsFourSpaces" methodname="TabsCountAsFourSpaces" classname="LexerTests" runstate="Runnable" seed="334346696" result="Passed" start-time="2026-06-15 19:13:58Z" end-time="2026-06-15 19:13:58Z" duration="0.000616" asserts="0">
          <properties>
            <property name="retryIteration" value="0" />
            <property name="repeatIteration" value="0" />
          </properties>
        </test-case>
        <test-case id="1129" name="UnknownCharacter_IsReportedWithItsLine" fullname="LexerTests.UnknownCharacter_IsReportedWithItsLine" methodname="UnknownCharacter_IsReportedWithItsLine" classname="LexerTests" runstate="Runnable" seed="1847217511" result="Passed" start-time="2026-06-15 19:13:58Z" end-time="2026-06-15 19:13:58Z" duration="0.000882" asserts="0">
          <properties>
            <property name="retryIteration" value="0" />
            <property name="repeatIteration" value="0" />
          </properties>
        </test-case>
        <test-case id="1134" name="UnterminatedString_IsReported" fullname="LexerTests.UnterminatedString_IsReported" methodname="UnterminatedString_IsReported" classname="LexerTests" runstate="Runnable" seed="669364187" result="Passed" start-time="2026-06-15 19:13:58Z" end-time="2026-06-15 19:13:58Z" duration="0.000735" asserts="0">
          <properties>
            <property name="retryIteration" value="0" />
            <property name="repeatIteration" value="0" />
          </properties>
        </test-case>
      </test-suite>
      <test-suite type="TestFixture" id="1139" name="MazeGeneratorTests" fullname="MazeGeneratorTests" classname="MazeGeneratorTests" runstate="Runnable" testcasecount="3" result="Passed" start-time="2026-06-15 19:13:58Z" end-time="2026-06-15 19:13:58Z" duration="0.026974" total="3" passed="3" failed="0" inconclusive="0" skipped="0" asserts="0">
        <properties />
        <test-case id="1141" name="Generated_ArePerfectMazes_TreeStructureNoLoops" fullname="MazeGeneratorTests.Generated_ArePerfectMazes_TreeStructureNoLoops" methodname="Generated_ArePerfectMazes_TreeStructureNoLoops" classname="MazeGeneratorTests" runstate="Runnable" seed="1898591460" result="Passed" start-time="2026-06-15 19:13:58Z" end-time="2026-06-15 19:13:58Z" duration="0.003518" asserts="0">
          <properties>
            <property name="retryIteration" value="0" />
            <property name="repeatIteration" value="0" />
          </properties>
        </test-case>
        <test-case id="1142" name="Generated_AreSolvableByWallFollower_WithinTheActionGuard" fullname="MazeGeneratorTests.Generated_AreSolvableByWallFollower_WithinTheActionGuard" methodname="Generated_AreSolvableByWallFollower_WithinTheActionGuard" classname="MazeGeneratorTests" runstate="Runnable" seed="1407951282" result="Passed" start-time="2026-06-15 19:13:58Z" end-time="2026-06-15 19:13:58Z" duration="0.017403" asserts="0">
          <properties>
            <property name="retryIteration" value="0" />
            <property name="repeatIteration" value="0" />
          </properties>
        </test-case>
        <test-case id="1140" name="Generated_ParseCleanly_WithExactlyOneStartAndDest" fullname="MazeGeneratorTests.Generated_ParseCleanly_WithExactlyOneStartAndDest" methodname="Generated_ParseCleanly_WithExactlyOneStartAndDest" classname="MazeGeneratorTests" runstate="Runnable" seed="11478664" result="Passed" start-time="2026-06-15 19:13:58Z" end-time="2026-06-15 19:13:58Z" duration="0.003269" asserts="0">
          <properties>
            <property name="retryIteration" value="0" />
            <property name="repeatIteration" value="0" />
          </properties>
        </test-case>
      </test-suite>
      <test-suite type="TestFixture" id="1143" name="MazeLibraryTests" fullname="MazeLibraryTests" classname="MazeLibraryTests" runstate="Runnable" testcasecount="2" result="Passed" start-time="2026-06-15 19:13:58Z" end-time="2026-06-15 19:13:58Z" duration="0.006056" total="2" passed="2" failed="0" inconclusive="0" skipped="0" asserts="0">
        <properties />
        <test-case id="1145" name="EveryAuthoredMaze_IsSolvedByTheWallFollower" fullname="MazeLibraryTests.EveryAuthoredMaze_IsSolvedByTheWallFollower" methodname="EveryAuthoredMaze_IsSolvedByTheWallFollower" classname="MazeLibraryTests" runstate="Runnable" seed="753481233" result="Passed" start-time="2026-06-15 19:13:58Z" end-time="2026-06-15 19:13:58Z" duration="0.002062" asserts="0">
          <properties>
            <property name="retryIteration" value="0" />
            <property name="repeatIteration" value="0" />
          </properties>
        </test-case>
        <test-case id="1144" name="Library_HasAnEscalatingSeries" fullname="MazeLibraryTests.Library_HasAnEscalatingSeries" methodname="Library_HasAnEscalatingSeries" classname="MazeLibraryTests" runstate="Runnable" seed="925034554" result="Passed" start-time="2026-06-15 19:13:58Z" end-time="2026-06-15 19:13:58Z" duration="0.001980" asserts="0">
          <properties>
            <property name="retryIteration" value="0" />
            <property name="repeatIteration" value="0" />
          </properties>
        </test-case>
      </test-suite>
      <test-suite type="TestFixture" id="1146" name="ParserTests" fullname="ParserTests" classname="ParserTests" runstate="Runnable" testcasecount="34" result="Passed" start-time="2026-06-15 19:13:58Z" end-time="2026-06-15 19:13:58Z" duration="0.049982" total="34" passed="34" failed="0" inconclusive="0" skipped="0" asserts="0">
        <properties />
        <test-case id="1156" name="ActionUsedAsCondition_IsExplained" fullname="ParserTests.ActionUsedAsCondition_IsExplained" methodname="ActionUsedAsCondition_IsExplained" classname="ParserTests" runstate="Runnable" seed="319092861" result="Passed" start-time="2026-06-15 19:13:58Z" end-time="2026-06-15 19:13:58Z" duration="0.002614" asserts="0">
          <properties>
            <property name="retryIteration" value="0" />
            <property name="repeatIteration" value="0" />
          </properties>
        </test-case>
        <test-case id="1159" name="Assignment_ParsesTargetAndValue" fullname="ParserTests.Assignment_ParsesTargetAndValue" methodname="Assignment_ParsesTargetAndValue" classname="ParserTests" runstate="Runnable" seed="110002797" result="Passed" start-time="2026-06-15 19:13:58Z" end-time="2026-06-15 19:13:58Z" duration="0.001645" asserts="0">
          <properties>
            <property name="retryIteration" value="0" />
            <property name="repeatIteration" value="0" />
          </properties>
        </test-case>
        <test-case id="1173" name="BreakContinue_Parse" fullname="ParserTests.BreakContinue_Parse" methodname="BreakContinue_Parse" classname="ParserTests" runstate="Runnable" seed="692030134" result="Passed" start-time="2026-06-15 19:13:58Z" end-time="2026-06-15 19:13:58Z" duration="0.002032" asserts="0">
          <properties>
            <property name="retryIteration" value="0" />
            <property name="repeatIteration" value="0" />
          </properties>
        </test-case>
        <test-case id="1160" name="CallWithArgs_ParsesArgumentList" fullname="ParserTests.CallWithArgs_ParsesArgumentList" methodname="CallWithArgs_ParsesArgumentList" classname="ParserTests" runstate="Runnable" seed="715317259" result="Passed" start-time="2026-06-15 19:13:58Z" end-time="2026-06-15 19:13:58Z" duration="0.001343" asserts="0">
          <properties>
[...]
        <properties />
        <test-case id="1198" name="CorrectOrder_Validates" fullname="RepairProcedureTests.CorrectOrder_Validates" methodname="CorrectOrder_Validates" classname="RepairProcedureTests" runstate="Runnable" seed="199184058" result="Passed" start-time="2026-06-15 19:13:58Z" end-time="2026-06-15 19:13:58Z" duration="0.001878" asserts="0">
          <properties>
            <property name="retryIteration" value="0" />
            <property name="repeatIteration" value="0" />
          </properties>
        </test-case>
        <test-case id="1197" name="Engine_And_Fuel_Procedures_Differ" fullname="RepairProcedureTests.Engine_And_Fuel_Procedures_Differ" methodname="Engine_And_Fuel_Procedures_Differ" classname="RepairProcedureTests" runstate="Runnable" seed="1932340334" result="Passed" start-time="2026-06-15 19:13:58Z" end-time="2026-06-15 19:13:58Z" duration="0.001303" asserts="0">
          <properties>
            <property name="retryIteration" value="0" />
            <property name="repeatIteration" value="0" />
          </properties>
        </test-case>
        <test-case id="1199" name="FirstWrongIndex_PointsAtTheFirstMisplacedStep" fullname="RepairProcedureTests.FirstWrongIndex_PointsAtTheFirstMisplacedStep" methodname="FirstWrongIndex_PointsAtTheFirstMisplacedStep" classname="RepairProcedureTests" runstate="Runnable" seed="1766005279" result="Passed" start-time="2026-06-15 19:13:58Z" end-time="2026-06-15 19:13:58Z" duration="0.001022" asserts="0">
          <properties>
            <property name="retryIteration" value="0" />
            <property name="repeatIteration" value="0" />
          </properties>
        </test-case>
        <test-case id="1200" name="NullOrShortCandidate_IsWrong" fullname="RepairProcedureTests.NullOrShortCandidate_IsWrong" methodname="NullOrShortCandidate_IsWrong" classname="RepairProcedureTests" runstate="Runnable" seed="1433394065" result="Passed" start-time="2026-06-15 19:13:58Z" end-time="2026-06-15 19:13:58Z" duration="0.001257" asserts="0">
          <properties>
            <property name="retryIteration" value="0" />
            <property name="repeatIteration" value="0" />
          </properties>
        </test-case>
        <test-case id="1196" name="Steps_AreSixUnique_PerFault" fullname="RepairProcedureTests.Steps_AreSixUnique_PerFault" methodname="Steps_AreSixUnique_PerFault" classname="RepairProcedureTests" runstate="Runnable" seed="1057685016" result="Passed" start-time="2026-06-15 19:13:58Z" end-time="2026-06-15 19:13:58Z" duration="0.001364" asserts="0">
          <properties>
            <property name="retryIteration" value="0" />
            <property name="repeatIteration" value="0" />
          </properties>
        </test-case>
      </test-suite>
      <test-suite type="TestFixture" id="1201" name="RouteGraphProjectionTests" fullname="RouteGraphProjectionTests" classname="RouteGraphProjectionTests" runstate="Runnable" testcasecount="3" result="Passed" start-time="2026-06-15 19:13:58Z" end-time="2026-06-15 19:13:58Z" duration="0.012648" total="3" passed="3" failed="0" inconclusive="0" skipped="0" asserts="0">
        <properties />
        <test-case id="1203" name="NearestDistanceToGraph_EmptyIsFarAway" fullname="RouteGraphProjectionTests.NearestDistanceToGraph_EmptyIsFarAway" methodname="NearestDistanceToGraph_EmptyIsFarAway" classname="RouteGraphProjectionTests" runstate="Runnable" seed="1709977681" result="Passed" start-time="2026-06-15 19:13:58Z" end-time="2026-06-15 19:13:58Z" duration="0.003376" asserts="0">
          <properties>
            <property name="retryIteration" value="0" />
            <property name="repeatIteration" value="0" />
          </properties>
        </test-case>
        <test-case id="1202" name="NearestDistanceToGraph_PicksClosestSegment" fullname="RouteGraphProjectionTests.NearestDistanceToGraph_PicksClosestSegment" methodname="NearestDistanceToGraph_PicksClosestSegment" classname="RouteGraphProjectionTests" runstate="Runnable" seed="66513519" result="Passed" start-time="2026-06-15 19:13:58Z" end-time="2026-06-15 19:13:58Z" duration="0.003566" asserts="0">
          <properties>
            <property name="retryIteration" value="0" />
            <property name="repeatIteration" value="0" />
          </properties>
        </test-case>
        <test-case id="1204" name="Project_OrdersStopsAlongTrunk_WithTerminalsResolved" fullname="RouteGraphProjectionTests.Project_OrdersStopsAlongTrunk_WithTerminalsResolved" methodname="Project_OrdersStopsAlongTrunk_WithTerminalsResolved" classname="RouteGraphProjectionTests" runstate="Runnable" seed="989654389" result="Passed" start-time="2026-06-15 19:13:58Z" end-time="2026-06-15 19:13:58Z" duration="0.003301" asserts="0">
          <properties>
            <property name="retryIteration" value="0" />
            <property name="repeatIteration" value="0" />
          </properties>
        </test-case>
      </test-suite>
      <test-suite type="TestFixture" id="1205" name="RouteToGridTests" fullname="RouteToGridTests" classname="RouteToGridTests" runstate="Runnable" testcasecount="3" result="Passed" start-time="2026-06-15 19:13:58Z" end-time="2026-06-15 19:13:58Z" duration="0.011869" total="3" passed="3" failed="0" inconclusive="0" skipped="0" asserts="0">
        <properties />
        <test-case id="1208" name="DegenerateRoute_StillProducesAValidGrid" fullname="RouteToGridTests.DegenerateRoute_StillProducesAValidGrid" methodname="DegenerateRoute_StillProducesAValidGrid" classname="RouteToGridTests" runstate="Runnable" seed="1001358831" result="Passed" start-time="2026-06-15 19:13:58Z" end-time="2026-06-15 19:13:58Z" duration="0.004757" asserts="0">
          <properties>
            <property name="retryIteration" value="0" />
            <property name="repeatIteration" value="0" />
          </properties>
        </test-case>
        <test-case id="1207" name="Level1_DerivedGrid_IsSolvable" fullname="RouteToGridTests.Level1_DerivedGrid_IsSolvable" methodname="Level1_DerivedGrid_IsSolvable" classname="RouteToGridTests" runstate="Runnable" seed="1307134576" result="Passed" start-time="2026-06-15 19:13:58Z" end-time="2026-06-15 19:13:58Z" duration="0.003295" asserts="0">
          <properties>
            <property name="retryIteration" value="0" />
            <property name="repeatIteration" value="0" />
          </properties>
        </test-case>
        <test-case id="1206" name="Tutorial_DerivedGrid_IsSolvable" fullname="RouteToGridTests.Tutorial_DerivedGrid_IsSolvable" methodname="Tutorial_DerivedGrid_IsSolvable" classname="RouteToGridTests" runstate="Runnable" seed="1629815926" result="Passed" start-time="2026-06-15 19:13:58Z" end-time="2026-06-15 19:13:58Z" duration="0.000542" asserts="0">
          <properties>
            <property name="retryIteration" value="0" />
            <property name="repeatIteration" value="0" />
          </properties>
        </test-case>
      </test-suite>
      <test-suite type="TestFixture" id="1209" name="ScoreCalculatorTests" fullname="ScoreCalculatorTests" classname="ScoreCalculatorTests" runstate="Runnable" testcasecount="11" result="Passed" start-time="2026-06-15 19:13:58Z" end-time="2026-06-15 19:13:58Z" duration="0.012301" total="11" passed="11" failed="0" inconclusive="0" skipped="0" asserts="0">
        <properties />
        <test-case id="1210" name="AutomationScore_AtPar_NoPenalties_Is1000" fullname="ScoreCalculatorTests.AutomationScore_AtPar_NoPenalties_Is1000" methodname="AutomationScore_AtPar_NoPenalties_Is1000" classname="ScoreCalculatorTests" runstate="Runnable" seed="1840867510" result="Passed" start-time="2026-06-15 19:13:58Z" end-time="2026-06-15 19:13:58Z" duration="0.000870" asserts="0">
          <properties>
            <property name="retryIteration" value="0" />
            <property name="repeatIteration" value="0" />
          </properties>
        </test-case>
        <test-case id="1214" name="AutomationScore_CodeMode_Pays50PercentMore" fullname="ScoreCalculatorTests.AutomationScore_CodeMode_Pays50PercentMore" methodname="AutomationScore_CodeMode_Pays50PercentMore" classname="ScoreCalculatorTests" runstate="Runnable" seed="169000319" result="Passed" start-time="2026-06-15 19:13:58Z" end-time="2026-06-15 19:13:58Z" duration="0.000619" asserts="0">
          <properties>
            <property name="retryIteration" value="0" />
            <property name="repeatIteration" value="0" />
          </properties>
        </test-case>
        <test-case id="1215" name="AutomationScore_DisabledSoftTimer_NeverTimesOut" fullname="ScoreCalculatorTests.AutomationScore_DisabledSoftTimer_NeverTimesOut" methodname="AutomationScore_DisabledSoftTimer_NeverTimesOut" classname="ScoreCalculatorTests" runstate="Runnable" seed="1827248937" result="Passed" start-time="2026-06-15 19:13:58Z" end-time="2026-06-15 19:13:58Z" duration="0.000516" asserts="0">
          <properties>
            <property name="retryIteration" value="0" />
            <property name="repeatIteration" value="0" />
          </properties>
        </test-case>
        <test-case id="1213" name="AutomationScore_HasAFloorOf100" fullname="ScoreCalculatorTests.AutomationScore_HasAFloorOf100" methodname="AutomationScore_HasAFloorOf100" classname="ScoreCalculatorTests" runstate="Runnable" seed="1984398270" result="Passed" start-time="2026-06-15 19:13:58Z" end-time="2026-06-15 19:13:58Z" duration="0.000621" asserts="0">
          <properties>
            <property name="retryIteration" value="0" />
            <property name="repeatIteration" value="0" />
          </properties>
        </test-case>
        <test-case id="1212" name="AutomationScore_RetriesAndTimeout_AreDocked" fullname="ScoreCalculatorTests.AutomationScore_RetriesAndTimeout_AreDocked" methodname="AutomationScore_RetriesAndTimeout_AreDocked" classname="ScoreCalculatorTests" runstate="Runnable" seed="191689365" result="Passed" start-time="2026-06-15 19:13:58Z" end-time="2026-06-15 19:13:58Z" duration="0.000549" asserts="0">
          <properties>
            <property name="retryIteration" value="0" />
            <property name="repeatIteration" value="0" />
          </properties>
        </test-case>
        <test-case id="1211" name="AutomationScore_StepsOverPar_AreDocked" fullname="ScoreCalculatorTests.AutomationScore_StepsOverPar_AreDocked" methodname="AutomationScore_StepsOverPar_AreDocked" classname="ScoreCalculatorTests" runstate="Runnable" seed="1132060212" result="Passed" start-time="2026-06-15 19:13:58Z" end-time="2026-06-15 19:13:58Z" duration="0.000434" asserts="0">
          <properties>
            <property name="retryIteration" value="0" />
            <property name="repeatIteration" value="0" />
          </properties>
        </test-case>
        <test-case id="1220" name="CurrencyFor_IsScoreOverTen_FlooredAtZero" fullname="ScoreCalculatorTests.CurrencyFor_IsScoreOverTen_FlooredAtZero" methodname="CurrencyFor_IsScoreOverTen_FlooredAtZero" classname="ScoreCalculatorTests" runstate="Runnable" seed="1786038165" result="Passed" start-time="2026-06-15 19:13:58Z" end-time="2026-06-15 19:13:58Z" duration="0.000943" asserts="0">
          <properties>
            <property name="retryIteration" value="0" />
            <property name="repeatIteration" value="0" />
          </properties>
        </test-case>
        <test-case id="1216" name="ManualScore_CleanSlowRun_Is1000" fullname="ScoreCalculatorTests.ManualScore_CleanSlowRun_Is1000" methodname="ManualScore_CleanSlowRun_Is1000" classname="ScoreCalculatorTests" runstate="Runnable" seed="1697223950" result="Passed" start-time="2026-06-15 19:13:58Z" end-time="2026-06-15 19:13:58Z" duration="0.000825" asserts="0">
          <properties>
            <property name="retryIteration" value="0" />
            <property name="repeatIteration" value="0" />
          </properties>
        </test-case>
        <test-case id="1218" name="ManualScore_DocksMistakes" fullname="ScoreCalculatorTests.ManualScore_DocksMistakes" methodname="ManualScore_DocksMistakes" classname="ScoreCalculatorTests" runstate="Runnable" seed="838926498" result="Passed" start-time="2026-06-15 19:13:58Z" end-time="2026-06-15 19:13:58Z" duration="0.000454" asserts="0">
          <properties>
            <property name="retryIteration" value="0" />
            <property name="repeatIteration" value="0" />
          </properties>
        </test-case>
        <test-case id="1219" name="ManualScore_NeverGoesNegative" fullname="ScoreCalculatorTests.ManualScore_NeverGoesNegative" methodname="ManualScore_NeverGoesNegative" classname="ScoreCalculatorTests" runstate="Runnable" seed="1971798351" result="Passed" start-time="2026-06-15 19:13:58Z" end-time="2026-06-15 19:13:58Z" duration="0.000466" asserts="0">
          <properties>
            <property name="retryIteration" value="0" />
            <property name="repeatIteration" value="0" />
          </properties>
        </test-case>
        <test-case id="1217" name="ManualScore_RewardsFaresSatisfactionAndSpeed" fullname="ScoreCalculatorTests.ManualScore_RewardsFaresSatisfactionAndSpeed" methodname="ManualScore_RewardsFaresSatisfactionAndSpeed" classname="ScoreCalculatorTests" runstate="Runnable" seed="1573274774" result="Passed" start-time="2026-06-15 19:13:58Z" end-time="2026-06-15 19:13:58Z" duration="0.000553" asserts="0">
          <properties>
            <property name="retryIteration" value="0" />
            <property name="repeatIteration" value="0" />
          </properties>
        </test-case>
      </test-suite>
      <test-suite type="TestFixture" id="1221" name="SelfDriveAgentTests" fullname="SelfDriveAgentTests" classname="SelfDriveAgentTests" runstate="Runnable" testcasecount="3" result="Passed" start-time="2026-06-15 19:13:58Z" end-time="2026-06-15 19:13:58Z" duration="0.060910" total="3" passed="3" failed="0" inconclusive="0" skipped="0" asserts="0">
        <properties />
        <test-case id="1222" name="EverySeed_DeliversEveryRider_CollectsFares_AndReachesDestination" fullname="SelfDriveAgentTests.EverySeed_DeliversEveryRider_CollectsFares_AndReachesDestination" methodname="EverySeed_DeliversEveryRider_CollectsFares_AndReachesDestination" classname="SelfDriveAgentTests" runstate="Runnable" seed="850222676" result="Passed" start-time="2026-06-15 19:13:58Z" end-time="2026-06-15 19:13:58Z" duration="0.043722" asserts="0">
          <properties>
            <property name="retryIteration" value="0" />
            <property name="repeatIteration" value="0" />
          </properties>
        </test-case>
        <test-case id="1223" name="ParSteps_EqualTheAutopilotPlanLength" fullname="SelfDriveAgentTests.ParSteps_EqualTheAutopilotPlanLength" methodname="ParSteps_EqualTheAutopilotPlanLength" classname="SelfDriveAgentTests" runstate="Runnable" seed="362553449" result="Passed" start-time="2026-06-15 19:13:58Z" end-time="2026-06-15 19:13:58Z" duration="0.013410" asserts="0">
          <properties>
            <property name="retryIteration" value="0" />
            <property name="repeatIteration" value="0" />
          </properties>
        </test-case>
        <test-case id="1224" name="ReferenceSolution_Compiles" fullname="SelfDriveAgentTests.ReferenceSolution_Compiles" methodname="ReferenceSolution_Compiles" classname="SelfDriveAgentTests" runstate="Runnable" seed="182286678" result="Passed" start-time="2026-06-15 19:13:58Z" end-time="2026-06-15 19:13:58Z" duration="0.001084" asserts="0">
          <properties>
            <property name="retryIteration" value="0" />
            <property name="repeatIteration" value="0" />
          </properties>
        </test-case>
      </test-suite>
      <test-suite type="TestFixture" id="1225" name="TownLayoutGeneratorTests" fullname="TownLayoutGeneratorTests" classname="TownLayoutGeneratorTests" runstate="Runnable" testcasecount="6" result="Passed" start-time="2026-06-15 19:13:58Z" end-time="2026-06-15 19:13:59Z" duration="0.069648" total="6" passed="6" failed="0" inconclusive="0" skipped="0" asserts="0">
        <properties />
        <test-case id="1228" name="Anchors_AreImmovableAcrossSeeds" fullname="TownLayoutGeneratorTests.Anchors_AreImmovableAcrossSeeds" methodname="Anchors_AreImmovableAcrossSeeds" classname="TownLayoutGeneratorTests" runstate="Runnable" seed="1899010318" result="Passed" start-time="2026-06-15 19:13:58Z" end-time="2026-06-15 19:13:58Z" duration="0.012684" asserts="0">
          <properties>
            <property name="retryIteration" value="0" />
            <property name="repeatIteration" value="0" />
          </properties>
        </test-case>
        <test-case id="1230" name="BranchCount_StaysWithinBounds" fullname="TownLayoutGeneratorTests.BranchCount_StaysWithinBounds" methodname="BranchCount_StaysWithinBounds" classname="TownLayoutGeneratorTests" runstate="Runnable" seed="204827193" result="Passed" start-time="2026-06-15 19:13:58Z" end-time="2026-06-15 19:13:58Z" duration="0.008540" asserts="0">
          <properties>
            <property name="retryIteration" value="0" />
            <property name="repeatIteration" value="0" />
          </properties>
        </test-case>
        <test-case id="1229" name="DeadEnds_AreOnlyTerminalsOrStops" fullname="TownLayoutGeneratorTests.DeadEnds_AreOnlyTerminalsOrStops" methodname="DeadEnds_AreOnlyTerminalsOrStops" classname="TownLayoutGeneratorTests" runstate="Runnable" seed="478112820" result="Passed" start-time="2026-06-15 19:13:58Z" end-time="2026-06-15 19:13:58Z" duration="0.014128" asserts="0">
          <properties>
            <property name="retryIteration" value="0" />
            <property name="repeatIteration" value="0" />
          </properties>
        </test-case>
        <test-case id="1227" name="Deterministic_SameSeedSameTown" fullname="TownLayoutGeneratorTests.Deterministic_SameSeedSameTown" methodname="Deterministic_SameSeedSameTown" classname="TownLayoutGeneratorTests" runstate="Runnable" seed="583593322" result="Passed" start-time="2026-06-15 19:13:58Z" end-time="2026-06-15 19:13:58Z" duration="0.006894" asserts="0">
          <properties>
            <property name="retryIteration" value="0" />
            <property name="repeatIteration" value="0" />
          </properties>
        </test-case>
        <test-case id="1226" name="EverySeed_ProducesASolvableTown" fullname="TownLayoutGeneratorTests.EverySeed_ProducesASolvableTown" methodname="EverySeed_ProducesASolvableTown" classname="TownLayoutGeneratorTests" runstate="Runnable" seed="820333267" result="Passed" start-time="2026-06-15 19:13:58Z" end-time="2026-06-15 19:13:58Z" duration="0.011560" asserts="0">
          <properties>
            <property name="retryIteration" value="0" />
            <property name="repeatIteration" value="0" />
          </properties>
        </test-case>
        <test-case id="1231" name="Requests_BoardEarly_AlightLater_WithMatchingFare" fullname="TownLayoutGeneratorTests.Requests_BoardEarly_AlightLater_WithMatchingFare" methodname="Requests_BoardEarly_AlightLater_WithMatchingFare" classname="TownLayoutGeneratorTests" runstate="Runnable" seed="823134636" result="Passed" start-time="2026-06-15 19:13:58Z" end-time="2026-06-15 19:13:59Z" duration="0.011408" asserts="0">
          <properties>
            <property name="retryIteration" value="0" />
            <property name="repeatIteration" value="0" />
          </properties>
          <output><![CDATA[Saving results to: C:/Users/Mist/AppData/LocalLow/DefaultCompany/Lugarithm\TestResults.xml
]]></output>
        </test-case>
      </test-suite>
    </test-suite>
  </test-suite>
</test-run>